(14:31:28) DEBUG:   [Legendary]:       Running Legendary command: /usr/lib64/heroic-games-launcher-bin/resources/app.asar.unpacked/build/bin/linux/legendary --version
(14:31:30) INFO:    [Legendary]:       Legendary location: /usr/lib64/heroic-games-launcher-bin/resources/app.asar.unpacked/build/bin/linux/legendary
(14:31:30) INFO:    [Gog]:             GOGDL location: /usr/lib64/heroic-games-launcher-bin/resources/app.asar.unpacked/build/bin/linux/gogdl
(14:31:30) INFO:    [Backend]:         

Heroic Version: 2.3.7 Brook
Legendary Version:  0.20.26 Dark Energy
OS: Fedora Linux KERNEL: 5.17.11-300.fc36.x86_64 ARCH: x64
CPU: AMD A6-9220 RADEON R4, 5 COMPUTE CORES 2C+3G @1.64 GOVERNOR: schedutil
RAM: Total: 7.16 GiB Available: 3.66 GiB
GRAPHICS: GPU0: Stoney [Radeon R2/R3/R4/R5 Graphics] VRAM: 256MB DRIVER:  
PROTOCOL: x11

(14:31:30) INFO:    [Backend]:         User Not Found, removing it from Store
(14:31:31) WARNING: [Backend]:         Failed to register protocol with OS.
(14:31:34) INFO:    [DXVKInstaller]:   Updating vkd3d to: vkd3d-proton-2.6
(14:31:34) INFO:    [DXVKInstaller]:   Updating dxvk to: dxvk-1.10.1
(14:31:39) INFO:    [Backend]:         Downloaded Winetricks
(14:31:43) INFO:    [DXVKInstaller]:   downloaded vkd3d
(14:31:43) INFO:    [DXVKInstaller]:   extracting vkd3d
(14:31:44) INFO:    [DXVKInstaller]:   extracting vkd3d updated!
(14:31:52) INFO:    [DXVKInstaller]:   downloaded dxvk
(14:31:52) INFO:    [DXVKInstaller]:   extracting dxvk
(14:31:53) INFO:    [DXVKInstaller]:   extracting dxvk updated!
(14:31:59) INFO:    [Legendary]:       Logging in with Legendary: /usr/lib64/heroic-games-launcher-bin/resources/app.asar.unpacked/build/bin/linux/legendary auth --sid <redacted>
(14:31:59) DEBUG:   [Legendary]:       Running Legendary command: /usr/lib64/heroic-games-launcher-bin/resources/app.asar.unpacked/build/bin/linux/legendary auth --sid <redacted>
(14:32:03) INFO:    [Frontend]:        Refreshing Library
(14:32:03) INFO:    [Legendary]:       Refreshing library...
(14:32:03) INFO:    [Legendary]:       Refreshing Epic Games...
(14:32:03) INFO:    [Frontend]:        Called Login
(14:32:04) DEBUG:   [Legendary]:       Running Legendary command: /usr/lib64/heroic-games-launcher-bin/resources/app.asar.unpacked/build/bin/linux/legendary list
(14:32:10) INFO:    [Legendary]:       Updating game list
(14:32:10) INFO:    [Legendary]:       Game List Updated
(14:32:10) INFO:    [Frontend]:        No cache found, getting data from legendary...
(14:32:10) INFO:    [Legendary]:       Refreshing library...
(14:32:10) INFO:    [Legendary]:       Updating game list
(14:32:11) INFO:    [Legendary]:       Game List Updated
(14:32:11) INFO:    [Frontend]:        Force Update
(14:32:37) INFO:    [Legendary]:       Getting more details with 'legendary info'
(14:32:37) INFO:    [Legendary]:       Getting more details with 'legendary info'
(14:32:38) WARNING: [Backend]:         default is not writable
(14:32:38) WARNING: [Backend]:         /home/meet/Games/Heroic is not writable
(14:32:38) DEBUG:   [Legendary]:       Running Legendary command: /usr/lib64/heroic-games-launcher-bin/resources/app.asar.unpacked/build/bin/linux/legendary --pretty-json info Ovenbird --platform Windows --json
(14:32:38) DEBUG:   [Legendary]:       Running Legendary command: /usr/lib64/heroic-games-launcher-bin/resources/app.asar.unpacked/build/bin/linux/legendary --pretty-json info Ovenbird --platform Windows --json
(14:32:46) ERROR:   [Legendary]:       Error Getting Info from Epic API
(14:32:47) WARNING: [Backend]:         /home/meet/Games/Heroic is not writable
(14:33:44) DEBUG:   [Legendary]:       Using cached install info
(14:33:44) INFO:    [Legendary]:       Installing Ovenbird with: /usr/lib64/heroic-games-launcher-bin/resources/app.asar.unpacked/build/bin/linux/legendary install Ovenbird --platform Windows --base-path /media/Games/Heroic --skip-dlcs --skip-sdl -y
(14:33:44) DEBUG:   [Legendary]:       Running Legendary command: /usr/lib64/heroic-games-launcher-bin/resources/app.asar.unpacked/build/bin/linux/legendary install Ovenbird --platform Windows --base-path /media/Games/Heroic --skip-dlcs --skip-sdl -y
(14:33:44) DEBUG:   [Legendary]:       Logging to file "/home/meet/.config/heroic/GamesConfig/Ovenbird.log"
(14:33:46) DEBUG:   [Legendary]:       Using cached install info
(14:33:47) INFO:    [Backend]:         Progress for Ovenbird: 0%/0.00MiB/00:00:00
(14:33:48) INFO:    [Backend]:         Progress for Ovenbird: 0.04%/2.77MiB/00:27:52
(14:33:52) INFO:    [Backend]:         Progress for Ovenbird: 0.32%/21.15MiB/00:25:38
(14:33:53) INFO:    [Backend]:         Progress for Ovenbird: 0.39%/25.15MiB/00:26:36
(14:33:54) INFO:    [Backend]:         Progress for Ovenbird: 0.45%/29.15MiB/00:27:20
(14:33:56) INFO:    [Backend]:         Progress for Ovenbird: 0.58%/38.15MiB/00:27:42
(14:33:57) INFO:    [Backend]:         Progress for Ovenbird: 0.65%/42.15MiB/00:28:08
(14:33:58) INFO:    [Backend]:         Progress for Ovenbird: 0.71%/46.15MiB/00:29:04
(14:33:59) INFO:    [Backend]:         Progress for Ovenbird: 0.77%/50.15MiB/00:28:48
(14:34:00) INFO:    [Backend]:         Progress for Ovenbird: 0.83%/54.15MiB/00:29:04
(14:34:03) INFO:    [Backend]:         Progress for Ovenbird: 1.02%/66.48MiB/00:28:04
(14:34:04) INFO:    [Backend]:         Progress for Ovenbird: 1.08%/70.37MiB/00:25:22
(14:34:06) INFO:    [Backend]:         Progress for Ovenbird: 1.17%/76.14MiB/00:24:24
(14:34:07) INFO:    [Backend]:         Progress for Ovenbird: 1.2%/78.30MiB/00:24:28
(14:34:08) INFO:    [Backend]:         Progress for Ovenbird: 1.26%/82.29MiB/00:24:45
(14:34:09) INFO:    [Backend]:         Progress for Ovenbird: 1.31%/85.29MiB/00:25:14
(14:34:11) INFO:    [Backend]:         Progress for Ovenbird: 1.4%/91.29MiB/00:26:21
(14:34:12) INFO:    [Backend]:         Progress for Ovenbird: 1.43%/93.29MiB/00:26:59
(14:34:13) INFO:    [Backend]:         Progress for Ovenbird: 1.49%/97.29MiB/00:26:56
(14:34:14) INFO:    [Backend]:         Progress for Ovenbird: 1.55%/101.29MiB/00:27:05
(14:34:15) INFO:    [Backend]:         Progress for Ovenbird: 1.58%/103.29MiB/00:27:39
(14:34:16) INFO:    [Backend]:         Progress for Ovenbird: 1.64%/107.29MiB/00:27:47
(14:34:17) INFO:    [Backend]:         Progress for Ovenbird: 1.72%/112.29MiB/00:27:42
(14:34:18) INFO:    [Backend]:         Progress for Ovenbird: 1.78%/116.28MiB/00:27:49
(14:34:19) INFO:    [Backend]:         Progress for Ovenbird: 1.84%/120.28MiB/00:28:08
(14:34:20) INFO:    [Backend]:         Progress for Ovenbird: 1.9%/124.28MiB/00:28:02
(14:34:21) INFO:    [Backend]:         Progress for Ovenbird: 1.97%/128.28MiB/00:28:08
(14:34:22) INFO:    [Backend]:         Progress for Ovenbird: 2.06%/134.28MiB/00:28:03
(14:34:23) INFO:    [Backend]:         Progress for Ovenbird: 2.13%/139.03MiB/00:27:58
(14:34:25) INFO:    [Backend]:         Progress for Ovenbird: 2.23%/145.71MiB/00:26:18
(14:34:26) INFO:    [Backend]:         Progress for Ovenbird: 2.31%/150.74MiB/00:25:59
(14:34:27) INFO:    [Backend]:         Progress for Ovenbird: 2.36%/154.28MiB/00:26:06
(14:34:29) INFO:    [Backend]:         Progress for Ovenbird: 2.48%/162.06MiB/00:24:56
(14:34:30) INFO:    [Backend]:         Progress for Ovenbird: 2.55%/166.06MiB/00:25:04
(14:34:34) INFO:    [Backend]:         Progress for Ovenbird: 2.85%/186.05MiB/00:25:09
(14:34:35) INFO:    [Backend]:         Progress for Ovenbird: 2.93%/191.05MiB/00:25:03
(14:34:36) INFO:    [Backend]:         Progress for Ovenbird: 3%/196.05MiB/00:25:09
(14:34:38) INFO:    [Backend]:         Progress for Ovenbird: 3.17%/206.78MiB/00:24:33
(14:34:39) INFO:    [Backend]:         Progress for Ovenbird: 3.2%/208.78MiB/00:24:56
(14:34:41) INFO:    [Backend]:         Progress for Ovenbird: 3.26%/212.78MiB/00:24:55
(14:34:42) INFO:    [Backend]:         Progress for Ovenbird: 3.35%/218.78MiB/00:24:49
(14:34:43) INFO:    [Backend]:         Progress for Ovenbird: 3.43%/223.78MiB/00:24:49
(14:34:44) INFO:    [Backend]:         Progress for Ovenbird: 3.49%/227.78MiB/00:25:00
(14:34:47) INFO:    [Backend]:         Progress for Ovenbird: 3.72%/242.77MiB/00:24:48
(14:34:48) INFO:    [Backend]:         Progress for Ovenbird: 3.78%/246.77MiB/00:24:53
(14:34:49) INFO:    [Backend]:         Progress for Ovenbird: 3.85%/251.26MiB/00:24:33
(14:34:50) INFO:    [Backend]:         Progress for Ovenbird: 3.93%/256.26MiB/00:24:33
(14:34:51) INFO:    [Backend]:         Progress for Ovenbird: 4.02%/262.26MiB/00:24:28
(14:34:52) INFO:    [Backend]:         Progress for Ovenbird: 4.1%/267.80MiB/00:24:19
(14:34:55) INFO:    [Backend]:         Progress for Ovenbird: 4.35%/283.63MiB/00:23:57
(14:34:56) INFO:    [Backend]:         Progress for Ovenbird: 4.42%/288.14MiB/00:23:57
(14:34:59) INFO:    [Backend]:         Progress for Ovenbird: 4.64%/302.63MiB/00:23:10
(14:35:02) INFO:    [Backend]:         Progress for Ovenbird: 4.87%/317.42MiB/00:22:51
(14:35:05) INFO:    [Backend]:         Progress for Ovenbird: 5.12%/334.06MiB/00:22:19
(14:35:07) INFO:    [Backend]:         Progress for Ovenbird: 5.28%/344.54MiB/00:22:11
(14:35:08) INFO:    [Backend]:         Progress for Ovenbird: 5.35%/349.04MiB/00:22:12
(14:35:10) INFO:    [Backend]:         Progress for Ovenbird: 5.51%/359.61MiB/00:22:05
(14:35:13) INFO:    [Backend]:         Progress for Ovenbird: 5.76%/375.60MiB/00:21:56
(14:35:17) INFO:    [Backend]:         Progress for Ovenbird: 6.03%/393.27MiB/00:20:58
(14:35:19) INFO:    [Backend]:         Progress for Ovenbird: 6.2%/404.27MiB/00:20:58
(14:35:20) INFO:    [Backend]:         Progress for Ovenbird: 6.27%/409.27MiB/00:20:59
(14:35:22) INFO:    [Backend]:         Progress for Ovenbird: 6.41%/418.27MiB/00:21:09
(14:35:23) INFO:    [Backend]:         Progress for Ovenbird: 6.49%/423.27MiB/00:21:07
(14:35:24) INFO:    [Backend]:         Progress for Ovenbird: 6.56%/428.27MiB/00:21:06
(14:35:25) INFO:    [Backend]:         Progress for Ovenbird: 6.66%/434.26MiB/00:21:04
(14:35:27) INFO:    [Backend]:         Progress for Ovenbird: 6.83%/445.53MiB/00:20:29
(14:35:28) INFO:    [Backend]:         Progress for Ovenbird: 6.9%/449.94MiB/00:20:11
(14:35:29) INFO:    [Backend]:         Progress for Ovenbird: 6.99%/456.24MiB/00:20:01
(14:35:30) INFO:    [Backend]:         Progress for Ovenbird: 7.05%/460.01MiB/00:19:56
(14:35:31) INFO:    [Backend]:         Progress for Ovenbird: 7.16%/466.95MiB/00:19:54
(14:35:32) INFO:    [Backend]:         Progress for Ovenbird: 7.23%/471.90MiB/00:19:55
(14:35:34) INFO:    [Backend]:         Progress for Ovenbird: 7.37%/480.81MiB/00:19:59
(14:35:35) INFO:    [Backend]:         Progress for Ovenbird: 7.48%/487.97MiB/00:19:47
(14:35:36) INFO:    [Backend]:         Progress for Ovenbird: 7.56%/492.95MiB/00:19:27
(14:35:37) INFO:    [Backend]:         Progress for Ovenbird: 7.62%/497.45MiB/00:16:06
(14:35:39) INFO:    [Backend]:         Progress for Ovenbird: 7.77%/507.24MiB/00:15:16
(14:35:40) INFO:    [Backend]:         Progress for Ovenbird: 7.83%/510.68MiB/00:14:54
(14:35:41) INFO:    [Backend]:         Progress for Ovenbird: 7.9%/515.68MiB/00:14:45
(14:35:42) INFO:    [Backend]:         Progress for Ovenbird: 7.97%/520.02MiB/00:14:45
(14:35:45) INFO:    [Backend]:         Progress for Ovenbird: 8.19%/534.23MiB/00:13:09
(14:35:47) INFO:    [Backend]:         Progress for Ovenbird: 8.34%/544.16MiB/00:13:08
(14:35:48) INFO:    [Backend]:         Progress for Ovenbird: 8.4%/548.16MiB/00:13:08
(14:35:49) INFO:    [Backend]:         Progress for Ovenbird: 8.48%/553.15MiB/00:13:04
(14:35:50) INFO:    [Backend]:         Progress for Ovenbird: 8.57%/559.15MiB/00:13:06
(14:35:52) INFO:    [Backend]:         Progress for Ovenbird: 8.72%/569.12MiB/00:12:57
(14:35:53) INFO:    [Backend]:         Progress for Ovenbird: 8.78%/573.12MiB/00:12:55
(14:35:55) INFO:    [Backend]:         Progress for Ovenbird: 8.94%/583.10MiB/00:12:52
(14:35:56) INFO:    [Backend]:         Progress for Ovenbird: 9.04%/590.10MiB/00:12:47
(14:35:57) INFO:    [Backend]:         Progress for Ovenbird: 9.11%/594.10MiB/00:12:45
(14:35:58) INFO:    [Backend]:         Progress for Ovenbird: 9.17%/598.08MiB/00:12:47
(14:35:59) INFO:    [Backend]:         Progress for Ovenbird: 9.26%/604.07MiB/00:12:49
(14:36:00) INFO:    [Backend]:         Progress for Ovenbird: 9.35%/610.05MiB/00:12:49
(14:36:01) INFO:    [Backend]:         Progress for Ovenbird: 9.43%/615.04MiB/00:12:51
(14:36:03) INFO:    [Backend]:         Progress for Ovenbird: 9.58%/625.01MiB/00:12:55
(14:36:05) INFO:    [Backend]:         Progress for Ovenbird: 9.73%/635.00MiB/00:12:59
(14:36:06) INFO:    [Backend]:         Progress for Ovenbird: 9.81%/640.00MiB/00:13:00
(14:36:08) INFO:    [Backend]:         Progress for Ovenbird: 9.95%/648.99MiB/00:13:05
(14:36:09) INFO:    [Backend]:         Progress for Ovenbird: 10.01%/652.99MiB/00:13:07
(14:36:10) INFO:    [Backend]:         Progress for Ovenbird: 10.1%/658.64MiB/00:13:07
(14:36:11) INFO:    [Backend]:         Progress for Ovenbird: 10.17%/663.27MiB/00:13:01
(14:36:12) INFO:    [Backend]:         Progress for Ovenbird: 10.25%/668.99MiB/00:12:59
(14:36:13) INFO:    [Backend]:         Progress for Ovenbird: 10.33%/673.74MiB/00:13:01
(14:36:14) INFO:    [Backend]:         Progress for Ovenbird: 10.38%/677.53MiB/00:13:03
(14:36:18) INFO:    [Backend]:         Progress for Ovenbird: 10.68%/696.52MiB/00:13:11
(14:36:21) INFO:    [Backend]:         Progress for Ovenbird: 10.87%/708.88MiB/00:13:17
(14:36:22) INFO:    [Backend]:         Progress for Ovenbird: 10.92%/712.70MiB/00:13:18
(14:36:23) INFO:    [Backend]:         Progress for Ovenbird: 11%/717.44MiB/00:13:20
(14:36:24) INFO:    [Backend]:         Progress for Ovenbird: 11.05%/721.21MiB/00:13:22
(14:36:26) INFO:    [Backend]:         Progress for Ovenbird: 11.23%/732.52MiB/00:13:23
(14:36:28) INFO:    [Backend]:         Progress for Ovenbird: 11.37%/742.07MiB/00:13:26
(14:36:30) INFO:    [Backend]:         Progress for Ovenbird: 11.5%/750.59MiB/00:13:29
(14:36:32) INFO:    [Backend]:         Progress for Ovenbird: 11.66%/760.98MiB/00:13:31
(14:36:34) INFO:    [Backend]:         Progress for Ovenbird: 11.8%/769.60MiB/00:13:35
(14:36:35) INFO:    [Backend]:         Progress for Ovenbird: 11.85%/773.41MiB/00:13:37
(14:36:36) INFO:    [Backend]:         Progress for Ovenbird: 11.91%/777.25MiB/00:13:38
(14:36:37) INFO:    [Backend]:         Progress for Ovenbird: 11.99%/782.03MiB/00:13:40
(14:36:38) INFO:    [Backend]:         Progress for Ovenbird: 12.04%/785.84MiB/00:13:42
(14:36:39) INFO:    [Backend]:         Progress for Ovenbird: 12.13%/791.57MiB/00:13:43
(14:36:41) INFO:    [Backend]:         Progress for Ovenbird: 12.27%/800.26MiB/00:13:46
(14:36:42) INFO:    [Backend]:         Progress for Ovenbird: 12.34%/805.05MiB/00:13:47
(14:36:44) INFO:    [Backend]:         Progress for Ovenbird: 12.49%/814.59MiB/00:13:48
(14:36:45) INFO:    [Backend]:         Progress for Ovenbird: 12.56%/819.37MiB/00:13:50
(14:36:47) INFO:    [Backend]:         Progress for Ovenbird: 12.71%/828.95MiB/00:13:52
(14:36:48) INFO:    [Backend]:         Progress for Ovenbird: 12.78%/833.76MiB/00:13:53
(14:36:49) INFO:    [Backend]:         Progress for Ovenbird: 12.84%/837.58MiB/00:13:54
(14:36:50) INFO:    [Backend]:         Progress for Ovenbird: 12.91%/842.39MiB/00:13:55
(14:36:51) INFO:    [Backend]:         Progress for Ovenbird: 12.98%/847.03MiB/00:13:55
(14:36:52) INFO:    [Backend]:         Progress for Ovenbird: 13.05%/851.20MiB/00:13:54
(14:36:53) INFO:    [Backend]:         Progress for Ovenbird: 13.14%/857.24MiB/00:13:51
(14:36:54) INFO:    [Backend]:         Progress for Ovenbird: 13.21%/861.83MiB/00:13:52
(14:36:56) INFO:    [Backend]:         Progress for Ovenbird: 13.35%/870.72MiB/00:13:54
(14:36:57) INFO:    [Backend]:         Progress for Ovenbird: 13.4%/874.42MiB/00:13:56
(14:36:59) INFO:    [Backend]:         Progress for Ovenbird: 13.52%/882.39MiB/00:13:59
(14:37:02) INFO:    [Backend]:         Progress for Ovenbird: 13.73%/895.94MiB/00:14:01
(14:37:04) INFO:    [Backend]:         Progress for Ovenbird: 13.87%/904.76MiB/00:13:58
(14:37:05) INFO:    [Backend]:         Progress for Ovenbird: 13.92%/908.50MiB/00:14:00
(14:37:06) INFO:    [Backend]:         Progress for Ovenbird: 13.98%/912.26MiB/00:14:01
(14:37:07) INFO:    [Backend]:         Progress for Ovenbird: 14.05%/916.86MiB/00:14:02
(14:37:08) INFO:    [Backend]:         Progress for Ovenbird: 14.12%/921.54MiB/00:14:02
(14:37:09) INFO:    [Backend]:         Progress for Ovenbird: 14.2%/926.23MiB/00:14:03
(14:37:10) INFO:    [Backend]:         Progress for Ovenbird: 14.25%/929.95MiB/00:14:05
(14:37:11) INFO:    [Backend]:         Progress for Ovenbird: 14.33%/934.65MiB/00:14:05
(14:37:12) INFO:    [Backend]:         Progress for Ovenbird: 14.38%/938.42MiB/00:14:07
(14:37:13) INFO:    [Backend]:         Progress for Ovenbird: 14.44%/942.20MiB/00:14:08
(14:37:14) INFO:    [Backend]:         Progress for Ovenbird: 14.51%/946.84MiB/00:14:09
(14:37:15) INFO:    [Backend]:         Progress for Ovenbird: 14.57%/950.57MiB/00:14:11
(14:37:16) INFO:    [Backend]:         Progress for Ovenbird: 14.65%/956.12MiB/00:14:10
(14:37:17) INFO:    [Backend]:         Progress for Ovenbird: 14.71%/959.64MiB/00:14:12
(14:37:18) INFO:    [Backend]:         Progress for Ovenbird: 14.75%/962.21MiB/00:14:14
(14:37:19) INFO:    [Backend]:         Progress for Ovenbird: 14.81%/966.04MiB/00:14:14
(14:37:21) INFO:    [Backend]:         Progress for Ovenbird: 14.87%/970.33MiB/00:14:14
(14:37:22) INFO:    [Backend]:         Progress for Ovenbird: 14.93%/974.05MiB/00:14:16
(14:37:23) INFO:    [Backend]:         Progress for Ovenbird: 14.98%/977.59MiB/00:14:17
(14:37:24) INFO:    [Backend]:         Progress for Ovenbird: 15.02%/980.27MiB/00:14:19
(14:37:25) INFO:    [Backend]:         Progress for Ovenbird: 15.11%/985.62MiB/00:14:19
(14:37:27) INFO:    [Backend]:         Progress for Ovenbird: 15.24%/994.45MiB/00:14:19
(14:37:28) INFO:    [Backend]:         Progress for Ovenbird: 15.3%/998.20MiB/00:14:21
(14:37:29) INFO:    [Backend]:         Progress for Ovenbird: 15.35%/1001.81MiB/00:14:21
(14:37:30) INFO:    [Backend]:         Progress for Ovenbird: 15.44%/1007.30MiB/00:14:21
(14:37:31) INFO:    [Backend]:         Progress for Ovenbird: 15.5%/1011.43MiB/00:14:20
(14:37:32) INFO:    [Backend]:         Progress for Ovenbird: 15.55%/1014.84MiB/00:14:21
(14:37:34) INFO:    [Backend]:         Progress for Ovenbird: 15.71%/1025.24MiB/00:14:20
(14:37:35) INFO:    [Backend]:         Progress for Ovenbird: 15.77%/1028.75MiB/00:14:21
(14:37:36) INFO:    [Backend]:         Progress for Ovenbird: 15.85%/1033.93MiB/00:14:21
(14:37:39) INFO:    [Backend]:         Progress for Ovenbird: 16.09%/1049.74MiB/00:14:18
(14:37:41) INFO:    [Backend]:         Progress for Ovenbird: 16.24%/1059.39MiB/00:14:17
(14:37:43) INFO:    [Backend]:         Progress for Ovenbird: 16.38%/1068.76MiB/00:14:16
(14:37:44) INFO:    [Backend]:         Progress for Ovenbird: 16.46%/1074.12MiB/00:14:17
(14:37:46) INFO:    [Backend]:         Progress for Ovenbird: 16.61%/1083.48MiB/00:14:16
(14:37:47) INFO:    [Backend]:         Progress for Ovenbird: 16.68%/1088.12MiB/00:14:16
(14:37:48) INFO:    [Backend]:         Progress for Ovenbird: 16.75%/1092.67MiB/00:14:17
(14:37:49) INFO:    [Backend]:         Progress for Ovenbird: 16.84%/1098.93MiB/00:14:15
(14:37:50) INFO:    [Backend]:         Progress for Ovenbird: 16.9%/1102.66MiB/00:14:19
(14:37:53) INFO:    [Backend]:         Progress for Ovenbird: 17.12%/1116.89MiB/00:14:16
(14:37:56) INFO:    [Backend]:         Progress for Ovenbird: 17.33%/1130.54MiB/00:14:15
(14:37:58) INFO:    [Backend]:         Progress for Ovenbird: 17.48%/1140.56MiB/00:14:16
(14:38:01) INFO:    [Backend]:         Progress for Ovenbird: 17.7%/1154.65MiB/00:14:15
(14:38:04) INFO:    [Backend]:         Progress for Ovenbird: 17.93%/1170.11MiB/00:14:15
(14:38:05) INFO:    [Backend]:         Progress for Ovenbird: 18.02%/1175.65MiB/00:14:15
(14:38:06) INFO:    [Backend]:         Progress for Ovenbird: 18.09%/1180.25MiB/00:14:14
(14:38:07) INFO:    [Backend]:         Progress for Ovenbird: 18.14%/1183.62MiB/00:14:14
(14:38:09) INFO:    [Backend]:         Progress for Ovenbird: 18.28%/1192.52MiB/00:14:15
(14:38:12) INFO:    [Backend]:         Progress for Ovenbird: 18.53%/1208.71MiB/00:14:12
(14:38:15) INFO:    [Backend]:         Progress for Ovenbird: 18.74%/1222.81MiB/00:14:13
(14:38:16) INFO:    [Backend]:         Progress for Ovenbird: 18.83%/1228.77MiB/00:14:11
(14:38:20) INFO:    [Backend]:         Progress for Ovenbird: 19.12%/1247.66MiB/00:14:09
(14:38:21) INFO:    [Backend]:         Progress for Ovenbird: 19.2%/1252.90MiB/00:14:08
(14:38:22) INFO:    [Backend]:         Progress for Ovenbird: 19.27%/1257.33MiB/00:14:09
(14:38:23) INFO:    [Backend]:         Progress for Ovenbird: 19.36%/1262.90MiB/00:14:08
(14:38:24) INFO:    [Backend]:         Progress for Ovenbird: 19.41%/1266.66MiB/00:14:09
(14:38:25) INFO:    [Backend]:         Progress for Ovenbird: 19.49%/1271.39MiB/00:14:09
(14:38:26) INFO:    [Backend]:         Progress for Ovenbird: 19.57%/1277.02MiB/00:14:08
(14:38:27) INFO:    [Backend]:         Progress for Ovenbird: 19.63%/1280.81MiB/00:14:09
(14:38:28) INFO:    [Backend]:         Progress for Ovenbird: 19.7%/1285.42MiB/00:14:10
(14:38:29) INFO:    [Backend]:         Progress for Ovenbird: 19.77%/1289.70MiB/00:14:08
(14:38:30) INFO:    [Backend]:         Progress for Ovenbird: 19.86%/1295.95MiB/00:14:07
(14:38:31) INFO:    [Backend]:         Progress for Ovenbird: 19.92%/1299.63MiB/00:14:08
(14:38:33) INFO:    [Backend]:         Progress for Ovenbird: 20.06%/1308.72MiB/00:14:08
(14:38:34) INFO:    [Backend]:         Progress for Ovenbird: 20.14%/1314.25MiB/00:14:08
(14:38:35) INFO:    [Backend]:         Progress for Ovenbird: 20.18%/1316.77MiB/00:14:08
(14:38:36) INFO:    [Backend]:         Progress for Ovenbird: 20.27%/1322.26MiB/00:14:07
(14:38:39) INFO:    [Backend]:         Progress for Ovenbird: 20.48%/1336.20MiB/00:14:08
(14:38:40) INFO:    [Backend]:         Progress for Ovenbird: 20.55%/1340.85MiB/00:14:08
(14:38:42) INFO:    [Backend]:         Progress for Ovenbird: 20.72%/1351.70MiB/00:14:06
(14:38:43) INFO:    [Backend]:         Progress for Ovenbird: 20.77%/1355.26MiB/00:14:07
(14:38:44) INFO:    [Backend]:         Progress for Ovenbird: 20.84%/1359.73MiB/00:14:07
(14:38:46) INFO:    [Backend]:         Progress for Ovenbird: 20.97%/1367.91MiB/00:14:07
(14:38:47) INFO:    [Backend]:         Progress for Ovenbird: 21.07%/1374.41MiB/00:14:07
(14:38:51) INFO:    [Backend]:         Progress for Ovenbird: 21.35%/1393.21MiB/00:14:04
(14:38:54) INFO:    [Backend]:         Progress for Ovenbird: 21.58%/1407.85MiB/00:14:02
(14:38:55) INFO:    [Backend]:         Progress for Ovenbird: 21.63%/1411.17MiB/00:14:02
(14:38:56) INFO:    [Backend]:         Progress for Ovenbird: 21.72%/1416.92MiB/00:14:01
(14:38:57) INFO:    [Backend]:         Progress for Ovenbird: 21.81%/1422.88MiB/00:14:00
(14:38:58) INFO:    [Backend]:         Progress for Ovenbird: 21.87%/1427.11MiB/00:13:59
(14:39:00) INFO:    [Backend]:         Progress for Ovenbird: 22.01%/1435.74MiB/00:13:58
(14:39:01) INFO:    [Backend]:         Progress for Ovenbird: 22.12%/1442.88MiB/00:13:56
(14:39:02) INFO:    [Backend]:         Progress for Ovenbird: 22.17%/1446.49MiB/00:13:56
(14:39:03) INFO:    [Backend]:         Progress for Ovenbird: 22.27%/1452.66MiB/00:13:56
(14:39:04) INFO:    [Backend]:         Progress for Ovenbird: 22.32%/1456.14MiB/00:13:55
(14:39:05) INFO:    [Backend]:         Progress for Ovenbird: 22.41%/1462.39MiB/00:13:54
(14:39:10) INFO:    [Backend]:         Progress for Ovenbird: 22.81%/1488.00MiB/00:13:51
(14:39:12) INFO:    [Backend]:         Progress for Ovenbird: 22.93%/1496.30MiB/00:13:49
(14:39:13) INFO:    [Backend]:         Progress for Ovenbird: 23.03%/1502.42MiB/00:13:48
(14:39:14) INFO:    [Backend]:         Progress for Ovenbird: 23.08%/1505.87MiB/00:13:47
(14:39:15) INFO:    [Backend]:         Progress for Ovenbird: 23.16%/1510.91MiB/00:13:46
(14:39:17) INFO:    [Backend]:         Progress for Ovenbird: 23.33%/1522.06MiB/00:13:44
(14:39:18) INFO:    [Backend]:         Progress for Ovenbird: 23.38%/1525.66MiB/00:13:44
(14:39:19) INFO:    [Backend]:         Progress for Ovenbird: 23.47%/1531.16MiB/00:13:44
(14:39:26) INFO:    [Backend]:         Progress for Ovenbird: 23.98%/1564.23MiB/00:13:41
(14:39:29) INFO:    [Backend]:         Progress for Ovenbird: 24.22%/1580.28MiB/00:13:38
(14:39:30) INFO:    [Backend]:         Progress for Ovenbird: 24.29%/1584.78MiB/00:13:38
(14:39:31) INFO:    [Backend]:         Progress for Ovenbird: 24.35%/1588.44MiB/00:13:40
(14:39:32) INFO:    [Backend]:         Progress for Ovenbird: 24.44%/1594.67MiB/00:13:38
(14:39:33) INFO:    [Backend]:         Progress for Ovenbird: 24.51%/1599.11MiB/00:13:37
(14:39:34) INFO:    [Backend]:         Progress for Ovenbird: 24.61%/1605.39MiB/00:13:35
(14:39:35) INFO:    [Backend]:         Progress for Ovenbird: 24.66%/1609.08MiB/00:13:36
(14:39:36) INFO:    [Backend]:         Progress for Ovenbird: 24.73%/1613.54MiB/00:13:36
(14:39:39) INFO:    [Backend]:         Progress for Ovenbird: 24.97%/1628.95MiB/00:13:34
(14:39:40) INFO:    [Backend]:         Progress for Ovenbird: 25.04%/1633.52MiB/00:13:33
(14:39:41) INFO:    [Backend]:         Progress for Ovenbird: 25.09%/1637.19MiB/00:13:34
(14:39:43) INFO:    [Backend]:         Progress for Ovenbird: 25.25%/1647.16MiB/00:13:32
(14:39:44) INFO:    [Backend]:         Progress for Ovenbird: 25.3%/1650.81MiB/00:13:33
(14:39:45) INFO:    [Backend]:         Progress for Ovenbird: 25.37%/1655.46MiB/00:13:33
(14:39:48) INFO:    [Backend]:         Progress for Ovenbird: 25.56%/1667.51MiB/00:13:33
(14:39:49) INFO:    [Backend]:         Progress for Ovenbird: 25.65%/1673.77MiB/00:13:30
(14:39:52) INFO:    [Backend]:         Progress for Ovenbird: 25.87%/1687.58MiB/00:13:29
(14:39:53) INFO:    [Backend]:         Progress for Ovenbird: 25.94%/1692.33MiB/00:13:29
(14:39:54) INFO:    [Backend]:         Progress for Ovenbird: 25.99%/1695.92MiB/00:13:29
(14:39:57) INFO:    [Backend]:         Progress for Ovenbird: 26.21%/1710.20MiB/00:13:28
(14:40:00) INFO:    [Backend]:         Progress for Ovenbird: 26.45%/1725.55MiB/00:13:24
(14:40:01) INFO:    [Backend]:         Progress for Ovenbird: 26.52%/1730.04MiB/00:13:23
(14:40:02) INFO:    [Backend]:         Progress for Ovenbird: 26.57%/1733.58MiB/00:13:24
(14:40:04) INFO:    [Backend]:         Progress for Ovenbird: 26.71%/1742.57MiB/00:13:23
(14:40:05) INFO:    [Backend]:         Progress for Ovenbird: 26.82%/1749.84MiB/00:13:22
(14:40:06) INFO:    [Backend]:         Progress for Ovenbird: 26.88%/1753.46MiB/00:13:22
(14:40:08) INFO:    [Backend]:         Progress for Ovenbird: 27.01%/1762.41MiB/00:13:22
(14:40:09) INFO:    [Backend]:         Progress for Ovenbird: 27.09%/1767.62MiB/00:13:21
(14:40:10) INFO:    [Backend]:         Progress for Ovenbird: 27.17%/1772.36MiB/00:13:19
(14:40:11) INFO:    [Backend]:         Progress for Ovenbird: 27.24%/1776.95MiB/00:13:19
(14:40:16) INFO:    [Backend]:         Progress for Ovenbird: 27.57%/1798.59MiB/00:13:18
(14:40:17) INFO:    [Backend]:         Progress for Ovenbird: 27.65%/1804.02MiB/00:13:18
(14:40:18) INFO:    [Backend]:         Progress for Ovenbird: 27.72%/1808.55MiB/00:13:18
(14:40:19) INFO:    [Backend]:         Progress for Ovenbird: 27.79%/1813.05MiB/00:13:17
(14:40:20) INFO:    [Backend]:         Progress for Ovenbird: 27.86%/1817.59MiB/00:13:17
(14:40:21) INFO:    [Backend]:         Progress for Ovenbird: 27.94%/1822.84MiB/00:13:17
(14:40:23) INFO:    [Backend]:         Progress for Ovenbird: 28.1%/1833.33MiB/00:13:14
(14:40:32) INFO:    [Backend]:         Progress for Ovenbird: 28.79%/1878.11MiB/00:13:10
(14:40:33) INFO:    [Backend]:         Progress for Ovenbird: 28.85%/1882.28MiB/00:13:09
(14:40:34) INFO:    [Backend]:         Progress for Ovenbird: 28.95%/1888.57MiB/00:12:59
(14:40:35) INFO:    [Backend]:         Progress for Ovenbird: 29.03%/1894.02MiB/00:12:57
(14:40:36) INFO:    [Backend]:         Progress for Ovenbird: 29.11%/1899.42MiB/00:12:56
(14:40:37) INFO:    [Backend]:         Progress for Ovenbird: 29.19%/1904.76MiB/00:12:55
(14:40:38) INFO:    [Backend]:         Progress for Ovenbird: 29.26%/1909.29MiB/00:12:55
(14:40:39) INFO:    [Backend]:         Progress for Ovenbird: 29.36%/1915.47MiB/00:12:53
(14:40:40) INFO:    [Backend]:         Progress for Ovenbird: 29.44%/1920.64MiB/00:12:45
(14:40:41) INFO:    [Backend]:         Progress for Ovenbird: 29.49%/1924.24MiB/00:12:45
(14:40:42) INFO:    [Backend]:         Progress for Ovenbird: 29.58%/1929.67MiB/00:12:45
(14:40:43) INFO:    [Backend]:         Progress for Ovenbird: 29.69%/1936.92MiB/00:12:44
(14:40:44) INFO:    [Backend]:         Progress for Ovenbird: 29.74%/1940.52MiB/00:12:43
(14:40:45) INFO:    [Backend]:         Progress for Ovenbird: 29.84%/1946.75MiB/00:12:42
(14:40:46) INFO:    [Backend]:         Progress for Ovenbird: 29.89%/1950.39MiB/00:12:42
(14:40:47) INFO:    [Backend]:         Progress for Ovenbird: 29.97%/1955.57MiB/00:12:41
(14:40:48) INFO:    [Backend]:         Progress for Ovenbird: 30.08%/1962.50MiB/00:12:34
(14:40:49) INFO:    [Backend]:         Progress for Ovenbird: 30.15%/1967.01MiB/00:12:32
(14:40:50) INFO:    [Backend]:         Progress for Ovenbird: 30.23%/1972.46MiB/00:12:31
(14:40:51) INFO:    [Backend]:         Progress for Ovenbird: 30.31%/1977.87MiB/00:12:31
(14:40:52) INFO:    [Backend]:         Progress for Ovenbird: 30.38%/1982.35MiB/00:12:31
(14:40:56) INFO:    [Backend]:         Progress for Ovenbird: 30.71%/2003.38MiB/00:12:21
(14:40:58) INFO:    [Backend]:         Progress for Ovenbird: 30.89%/2015.16MiB/00:12:19
(14:40:59) INFO:    [Backend]:         Progress for Ovenbird: 30.97%/2020.53MiB/00:12:18
(14:41:00) INFO:    [Backend]:         Progress for Ovenbird: 31.04%/2024.99MiB/00:12:17
(14:41:01) INFO:    [Backend]:         Progress for Ovenbird: 31.13%/2031.32MiB/00:12:15
(14:41:02) INFO:    [Backend]:         Progress for Ovenbird: 31.2%/2035.54MiB/00:12:15
(14:41:04) INFO:    [Backend]:         Progress for Ovenbird: 31.37%/2046.64MiB/00:12:10
(14:41:05) INFO:    [Backend]:         Progress for Ovenbird: 31.45%/2052.19MiB/00:12:10
(14:41:06) INFO:    [Backend]:         Progress for Ovenbird: 31.52%/2056.24MiB/00:12:09
(14:41:07) INFO:    [Backend]:         Progress for Ovenbird: 31.6%/2061.95MiB/00:12:08
(14:41:08) INFO:    [Backend]:         Progress for Ovenbird: 31.7%/2068.01MiB/00:12:06
(14:41:09) INFO:    [Backend]:         Progress for Ovenbird: 31.78%/2073.44MiB/00:12:05
(14:41:10) INFO:    [Backend]:         Progress for Ovenbird: 31.86%/2078.37MiB/00:12:03
(14:41:11) INFO:    [Backend]:         Progress for Ovenbird: 31.94%/2083.61MiB/00:12:01
(14:41:12) INFO:    [Backend]:         Progress for Ovenbird: 32.02%/2089.07MiB/00:12:00
(14:41:13) INFO:    [Backend]:         Progress for Ovenbird: 32.11%/2094.98MiB/00:11:58
(14:41:14) INFO:    [Backend]:         Progress for Ovenbird: 32.17%/2098.80MiB/00:11:57
(14:41:15) INFO:    [Backend]:         Progress for Ovenbird: 32.26%/2104.64MiB/00:11:56
(14:41:16) INFO:    [Backend]:         Progress for Ovenbird: 32.33%/2109.64MiB/00:11:55
(14:41:18) INFO:    [Backend]:         Progress for Ovenbird: 32.5%/2120.37MiB/00:11:53
(14:41:19) INFO:    [Backend]:         Progress for Ovenbird: 32.56%/2124.27MiB/00:11:52
(14:41:20) INFO:    [Backend]:         Progress for Ovenbird: 32.67%/2131.26MiB/00:11:51
(14:41:21) INFO:    [Backend]:         Progress for Ovenbird: 32.74%/2136.26MiB/00:11:51
(14:41:22) INFO:    [Backend]:         Progress for Ovenbird: 32.8%/2140.25MiB/00:11:51
(14:41:23) INFO:    [Backend]:         Progress for Ovenbird: 32.9%/2146.25MiB/00:11:50
(14:41:24) INFO:    [Backend]:         Progress for Ovenbird: 32.96%/2150.25MiB/00:11:50
(14:41:25) INFO:    [Backend]:         Progress for Ovenbird: 33.08%/2158.25MiB/00:11:49
(14:41:27) INFO:    [Backend]:         Progress for Ovenbird: 33.23%/2168.24MiB/00:11:49
(14:41:28) INFO:    [Backend]:         Progress for Ovenbird: 33.29%/2172.24MiB/00:11:48
(14:41:29) INFO:    [Backend]:         Progress for Ovenbird: 33.39%/2178.23MiB/00:11:48
(14:41:31) INFO:    [Backend]:         Progress for Ovenbird: 33.55%/2189.23MiB/00:11:47
(14:41:33) INFO:    [Backend]:         Progress for Ovenbird: 33.72%/2200.23MiB/00:11:45
(14:41:34) INFO:    [Backend]:         Progress for Ovenbird: 33.81%/2206.22MiB/00:11:45
(14:41:35) INFO:    [Backend]:         Progress for Ovenbird: 33.89%/2211.22MiB/00:11:44
(14:41:36) INFO:    [Backend]:         Progress for Ovenbird: 33.97%/2216.22MiB/00:11:44
(14:41:37) INFO:    [Backend]:         Progress for Ovenbird: 34.08%/2223.22MiB/00:11:43
(14:41:38) INFO:    [Backend]:         Progress for Ovenbird: 34.14%/2227.22MiB/00:11:43
(14:41:40) INFO:    [Backend]:         Progress for Ovenbird: 34.32%/2239.21MiB/00:11:42
(14:41:41) INFO:    [Backend]:         Progress for Ovenbird: 34.38%/2243.21MiB/00:11:42
(14:41:43) INFO:    [Backend]:         Progress for Ovenbird: 34.5%/2251.21MiB/00:11:42
(14:41:45) INFO:    [Backend]:         Progress for Ovenbird: 34.66%/2261.20MiB/00:11:41
(14:41:48) INFO:    [Backend]:         Progress for Ovenbird: 34.87%/2275.20MiB/00:11:40
(14:41:49) INFO:    [Backend]:         Progress for Ovenbird: 34.96%/2281.20MiB/00:11:39
(14:41:55) INFO:    [Backend]:         Progress for Ovenbird: 35.44%/2312.20MiB/00:11:38
(14:41:58) INFO:    [Backend]:         Progress for Ovenbird: 35.72%/2330.19MiB/00:11:35
(14:42:00) INFO:    [Backend]:         Progress for Ovenbird: 35.87%/2340.19MiB/00:11:34
(14:42:01) INFO:    [Backend]:         Progress for Ovenbird: 35.96%/2346.19MiB/00:11:33
(14:42:04) INFO:    [Backend]:         Progress for Ovenbird: 36.21%/2362.19MiB/00:11:32
(14:42:05) INFO:    [Backend]:         Progress for Ovenbird: 36.27%/2366.19MiB/00:11:31
(14:42:06) INFO:    [Backend]:         Progress for Ovenbird: 36.33%/2370.19MiB/00:11:31
(14:42:07) INFO:    [Backend]:         Progress for Ovenbird: 36.33%/2370.19MiB/00:11:33
(14:42:09) INFO:    [Backend]:         Progress for Ovenbird: 36.47%/2379.19MiB/00:11:32
(14:42:10) INFO:    [Backend]:         Progress for Ovenbird: 36.51%/2382.19MiB/00:11:33
(14:42:12) INFO:    [Backend]:         Progress for Ovenbird: 36.59%/2387.19MiB/00:11:34
(14:42:13) INFO:    [Backend]:         Progress for Ovenbird: 36.65%/2391.19MiB/00:11:34
(14:42:14) INFO:    [Backend]:         Progress for Ovenbird: 36.71%/2395.19MiB/00:11:33
(14:42:15) INFO:    [Backend]:         Progress for Ovenbird: 36.82%/2402.19MiB/00:11:32
(14:42:17) INFO:    [Backend]:         Progress for Ovenbird: 36.95%/2410.90MiB/00:11:31
(14:42:18) INFO:    [Backend]:         Progress for Ovenbird: 37.03%/2415.84MiB/00:11:31
(14:42:20) INFO:    [Backend]:         Progress for Ovenbird: 37.12%/2421.83MiB/00:11:30
(14:42:21) INFO:    [Backend]:         Progress for Ovenbird: 37.18%/2425.83MiB/00:11:30
(14:42:23) INFO:    [Backend]:         Progress for Ovenbird: 37.33%/2435.83MiB/00:11:30
(14:42:24) INFO:    [Backend]:         Progress for Ovenbird: 37.41%/2440.83MiB/00:11:29
(14:42:25) INFO:    [Backend]:         Progress for Ovenbird: 37.49%/2445.83MiB/00:11:28
(14:42:27) INFO:    [Backend]:         Progress for Ovenbird: 37.67%/2457.83MiB/00:11:27
(14:42:30) INFO:    [Backend]:         Progress for Ovenbird: 37.9%/2472.83MiB/00:11:25
(14:42:31) INFO:    [Backend]:         Progress for Ovenbird: 37.99%/2478.83MiB/00:11:24
(14:42:32) INFO:    [Backend]:         Progress for Ovenbird: 38.07%/2483.83MiB/00:11:24
(14:42:33) INFO:    [Backend]:         Progress for Ovenbird: 38.15%/2488.83MiB/00:11:23
(14:42:34) INFO:    [Backend]:         Progress for Ovenbird: 38.22%/2493.83MiB/00:11:23
(14:42:35) INFO:    [Backend]:         Progress for Ovenbird: 38.3%/2498.83MiB/00:11:23
(14:42:36) INFO:    [Backend]:         Progress for Ovenbird: 38.38%/2503.83MiB/00:11:22
(14:42:37) INFO:    [Backend]:         Progress for Ovenbird: 38.45%/2508.83MiB/00:11:22
(14:42:38) INFO:    [Backend]:         Progress for Ovenbird: 38.56%/2515.65MiB/00:11:20
(14:42:40) INFO:    [Backend]:         Progress for Ovenbird: 38.67%/2523.28MiB/00:11:21
(14:42:42) INFO:    [Backend]:         Progress for Ovenbird: 38.84%/2534.25MiB/00:11:19
(14:42:43) INFO:    [Backend]:         Progress for Ovenbird: 38.93%/2540.25MiB/00:11:18
(14:42:46) INFO:    [Backend]:         Progress for Ovenbird: 39.18%/2556.19MiB/00:11:16
(14:42:47) INFO:    [Backend]:         Progress for Ovenbird: 39.26%/2561.74MiB/00:11:16
(14:42:48) INFO:    [Backend]:         Progress for Ovenbird: 39.33%/2566.35MiB/00:11:13
(14:42:49) INFO:    [Backend]:         Progress for Ovenbird: 39.4%/2570.71MiB/00:11:10
(14:42:50) INFO:    [Backend]:         Progress for Ovenbird: 39.49%/2576.68MiB/00:11:09
(14:42:51) INFO:    [Backend]:         Progress for Ovenbird: 39.57%/2581.64MiB/00:11:09
(14:42:52) INFO:    [Backend]:         Progress for Ovenbird: 39.64%/2586.58MiB/00:11:08
(14:42:55) INFO:    [Backend]:         Progress for Ovenbird: 39.87%/2601.46MiB/00:11:07
(14:42:59) INFO:    [Backend]:         Progress for Ovenbird: 40.2%/2623.13MiB/00:11:04
(14:43:00) INFO:    [Backend]:         Progress for Ovenbird: 40.3%/2629.03MiB/00:11:03
(14:43:02) INFO:    [Backend]:         Progress for Ovenbird: 40.42%/2636.85MiB/00:11:03
(14:43:04) INFO:    [Backend]:         Progress for Ovenbird: 40.61%/2649.54MiB/00:11:01
(14:43:06) INFO:    [Backend]:         Progress for Ovenbird: 40.74%/2658.20MiB/00:10:59
(14:43:09) INFO:    [Backend]:         Progress for Ovenbird: 40.98%/2673.49MiB/00:10:58
(14:43:10) INFO:    [Backend]:         Progress for Ovenbird: 41.07%/2679.63MiB/00:10:56
(14:43:12) INFO:    [Backend]:         Progress for Ovenbird: 41.22%/2689.20MiB/00:10:55
(14:43:13) INFO:    [Backend]:         Progress for Ovenbird: 41.29%/2693.75MiB/00:10:54
(14:43:14) INFO:    [Backend]:         Progress for Ovenbird: 41.4%/2701.13MiB/00:10:53
(14:43:16) INFO:    [Backend]:         Progress for Ovenbird: 41.53%/2709.52MiB/00:10:52
(14:43:17) INFO:    [Backend]:         Progress for Ovenbird: 41.61%/2714.92MiB/00:10:51
(14:43:18) INFO:    [Backend]:         Progress for Ovenbird: 41.68%/2719.65MiB/00:10:50
(14:43:19) INFO:    [Backend]:         Progress for Ovenbird: 41.78%/2726.13MiB/00:10:49
(14:43:22) INFO:    [Backend]:         Progress for Ovenbird: 42.03%/2741.92MiB/00:10:47
(14:43:23) INFO:    [Backend]:         Progress for Ovenbird: 42.08%/2745.54MiB/00:10:47
(14:43:25) INFO:    [Backend]:         Progress for Ovenbird: 42.25%/2756.80MiB/00:10:45
(14:43:27) INFO:    [Backend]:         Progress for Ovenbird: 42.4%/2766.15MiB/00:10:44
(14:43:28) INFO:    [Backend]:         Progress for Ovenbird: 42.47%/2770.71MiB/00:10:44
(14:43:29) INFO:    [Backend]:         Progress for Ovenbird: 42.58%/2777.89MiB/00:10:42
(14:43:30) INFO:    [Backend]:         Progress for Ovenbird: 42.62%/2780.61MiB/00:10:43
(14:43:31) INFO:    [Backend]:         Progress for Ovenbird: 42.7%/2786.12MiB/00:10:42
(14:43:32) INFO:    [Backend]:         Progress for Ovenbird: 42.76%/2789.91MiB/00:10:41
(14:43:33) INFO:    [Backend]:         Progress for Ovenbird: 42.85%/2795.60MiB/00:10:40
(14:43:35) INFO:    [Backend]:         Progress for Ovenbird: 42.98%/2804.16MiB/00:10:40
(14:43:36) INFO:    [Backend]:         Progress for Ovenbird: 43.07%/2809.88MiB/00:10:39
(14:43:39) INFO:    [Backend]:         Progress for Ovenbird: 43.28%/2823.95MiB/00:10:37
(14:43:40) INFO:    [Backend]:         Progress for Ovenbird: 43.37%/2829.76MiB/00:10:37
(14:43:41) INFO:    [Backend]:         Progress for Ovenbird: 43.46%/2835.44MiB/00:10:35
(14:43:42) INFO:    [Backend]:         Progress for Ovenbird: 43.52%/2839.19MiB/00:10:35
(14:43:43) INFO:    [Backend]:         Progress for Ovenbird: 43.6%/2844.73MiB/00:10:35
(14:43:45) INFO:    [Backend]:         Progress for Ovenbird: 43.73%/2852.87MiB/00:10:34
(14:43:46) INFO:    [Backend]:         Progress for Ovenbird: 43.83%/2859.43MiB/00:10:32
(14:43:47) INFO:    [Backend]:         Progress for Ovenbird: 43.9%/2864.10MiB/00:10:32
(14:43:50) INFO:    [Backend]:         Progress for Ovenbird: 44.14%/2879.63MiB/00:10:30
(14:43:51) INFO:    [Backend]:         Progress for Ovenbird: 44.19%/2883.38MiB/00:10:29
(14:43:52) INFO:    [Backend]:         Progress for Ovenbird: 44.29%/2889.92MiB/00:10:29
(14:43:53) INFO:    [Backend]:         Progress for Ovenbird: 44.36%/2894.53MiB/00:10:29
(14:43:54) INFO:    [Backend]:         Progress for Ovenbird: 44.43%/2898.91MiB/00:10:27
(14:43:55) INFO:    [Backend]:         Progress for Ovenbird: 44.52%/2904.50MiB/00:10:26
(14:43:56) INFO:    [Backend]:         Progress for Ovenbird: 44.59%/2909.21MiB/00:10:26
(14:43:57) INFO:    [Backend]:         Progress for Ovenbird: 44.67%/2914.68MiB/00:10:25
(14:43:58) INFO:    [Backend]:         Progress for Ovenbird: 44.76%/2920.31MiB/00:10:24
(14:43:59) INFO:    [Backend]:         Progress for Ovenbird: 44.84%/2925.55MiB/00:10:23
(14:44:00) INFO:    [Backend]:         Progress for Ovenbird: 44.92%/2930.88MiB/00:10:22
(14:44:02) INFO:    [Backend]:         Progress for Ovenbird: 45.07%/2940.81MiB/00:10:21
(14:44:03) INFO:    [Backend]:         Progress for Ovenbird: 45.14%/2945.29MiB/00:10:20
(14:44:04) INFO:    [Backend]:         Progress for Ovenbird: 45.21%/2949.96MiB/00:10:20
(14:44:06) INFO:    [Backend]:         Progress for Ovenbird: 45.4%/2962.03MiB/00:10:18
(14:44:08) INFO:    [Backend]:         Progress for Ovenbird: 45.54%/2971.25MiB/00:10:17
(14:44:09) INFO:    [Backend]:         Progress for Ovenbird: 45.61%/2975.79MiB/00:10:16
(14:44:11) INFO:    [Backend]:         Progress for Ovenbird: 45.78%/2986.93MiB/00:10:16
(14:44:13) INFO:    [Backend]:         Progress for Ovenbird: 45.95%/2997.77MiB/00:10:13
(14:44:14) INFO:    [Backend]:         Progress for Ovenbird: 46.03%/3003.08MiB/00:10:12
(14:44:15) INFO:    [Backend]:         Progress for Ovenbird: 46.1%/3007.79MiB/00:10:11
(14:44:17) INFO:    [Backend]:         Progress for Ovenbird: 46.28%/3019.74MiB/00:10:09
(14:44:18) INFO:    [Backend]:         Progress for Ovenbird: 46.35%/3024.21MiB/00:10:08
(14:44:19) INFO:    [Backend]:         Progress for Ovenbird: 46.44%/3029.78MiB/00:10:08
(14:44:20) INFO:    [Backend]:         Progress for Ovenbird: 46.51%/3034.32MiB/00:10:07
(14:44:22) INFO:    [Backend]:         Progress for Ovenbird: 46.68%/3045.37MiB/00:10:05
(14:44:24) INFO:    [Backend]:         Progress for Ovenbird: 46.8%/3053.59MiB/00:10:04
(14:44:25) INFO:    [Backend]:         Progress for Ovenbird: 46.87%/3058.23MiB/00:10:03
(14:44:27) INFO:    [Backend]:         Progress for Ovenbird: 47.04%/3069.34MiB/00:10:01
(14:44:28) INFO:    [Backend]:         Progress for Ovenbird: 47.12%/3074.11MiB/00:10:00
(14:44:29) INFO:    [Backend]:         Progress for Ovenbird: 47.19%/3078.91MiB/00:09:59
(14:44:30) INFO:    [Backend]:         Progress for Ovenbird: 47.29%/3085.51MiB/00:09:58
(14:44:33) INFO:    [Backend]:         Progress for Ovenbird: 47.52%/3100.69MiB/00:09:56
(14:44:35) INFO:    [Backend]:         Progress for Ovenbird: 47.69%/3111.20MiB/00:09:55
(14:44:37) INFO:    [Backend]:         Progress for Ovenbird: 47.85%/3122.08MiB/00:09:53
(14:44:38) INFO:    [Backend]:         Progress for Ovenbird: 47.91%/3125.75MiB/00:09:53
(14:44:39) INFO:    [Backend]:         Progress for Ovenbird: 47.98%/3130.27MiB/00:09:52
(14:44:40) INFO:    [Backend]:         Progress for Ovenbird: 48.05%/3135.03MiB/00:09:51
(14:44:42) INFO:    [Backend]:         Progress for Ovenbird: 48.23%/3146.42MiB/00:09:49
(14:44:44) INFO:    [Backend]:         Progress for Ovenbird: 48.38%/3156.72MiB/00:09:47
(14:44:45) INFO:    [Backend]:         Progress for Ovenbird: 48.46%/3161.56MiB/00:09:47
(14:44:47) INFO:    [Backend]:         Progress for Ovenbird: 48.63%/3172.97MiB/00:09:45
(14:44:48) INFO:    [Backend]:         Progress for Ovenbird: 48.72%/3178.67MiB/00:09:44
(14:44:50) INFO:    [Backend]:         Progress for Ovenbird: 48.88%/3188.86MiB/00:09:43
(14:44:51) INFO:    [Backend]:         Progress for Ovenbird: 48.95%/3193.54MiB/00:09:42
(14:44:52) INFO:    [Backend]:         Progress for Ovenbird: 49.02%/3198.32MiB/00:09:42
(14:44:53) INFO:    [Backend]:         Progress for Ovenbird: 49.12%/3205.01MiB/00:09:40
(14:44:54) INFO:    [Backend]:         Progress for Ovenbird: 49.19%/3209.58MiB/00:09:40
(14:44:55) INFO:    [Backend]:         Progress for Ovenbird: 49.27%/3214.29MiB/00:09:39
(14:44:56) INFO:    [Backend]:         Progress for Ovenbird: 49.35%/3219.69MiB/00:09:38
(14:44:57) INFO:    [Backend]:         Progress for Ovenbird: 49.43%/3225.32MiB/00:09:37
(14:44:58) INFO:    [Backend]:         Progress for Ovenbird: 49.52%/3231.06MiB/00:09:36
(14:44:59) INFO:    [Backend]:         Progress for Ovenbird: 49.59%/3235.73MiB/00:09:36
(14:45:00) INFO:    [Backend]:         Progress for Ovenbird: 49.67%/3240.52MiB/00:09:35
(14:45:01) INFO:    [Backend]:         Progress for Ovenbird: 49.75%/3246.13MiB/00:09:34
(14:45:02) INFO:    [Backend]:         Progress for Ovenbird: 49.83%/3250.80MiB/00:09:34
(14:45:04) INFO:    [Backend]:         Progress for Ovenbird: 50%/3262.20MiB/00:09:32
(14:45:05) INFO:    [Backend]:         Progress for Ovenbird: 50.06%/3266.04MiB/00:09:32
(14:45:06) INFO:    [Backend]:         Progress for Ovenbird: 50.15%/3271.71MiB/00:09:31
(14:45:07) INFO:    [Backend]:         Progress for Ovenbird: 50.2%/3275.41MiB/00:09:30
(14:45:08) INFO:    [Backend]:         Progress for Ovenbird: 50.31%/3282.69MiB/00:09:29
(14:45:09) INFO:    [Backend]:         Progress for Ovenbird: 50.37%/3286.40MiB/00:09:28
(14:45:10) INFO:    [Backend]:         Progress for Ovenbird: 50.45%/3291.87MiB/00:09:28
(14:45:12) INFO:    [Backend]:         Progress for Ovenbird: 50.62%/3302.78MiB/00:09:26
(14:45:13) INFO:    [Backend]:         Progress for Ovenbird: 50.68%/3306.31MiB/00:09:25
(14:45:15) INFO:    [Backend]:         Progress for Ovenbird: 50.85%/3317.41MiB/00:09:24
(14:45:16) INFO:    [Backend]:         Progress for Ovenbird: 50.91%/3321.87MiB/00:09:23
(14:45:17) INFO:    [Backend]:         Progress for Ovenbird: 51%/3327.58MiB/00:09:22
(14:45:18) INFO:    [Backend]:         Progress for Ovenbird: 51.09%/3333.20MiB/00:09:21
(14:45:20) INFO:    [Backend]:         Progress for Ovenbird: 51.23%/3342.29MiB/00:09:20
(14:45:21) INFO:    [Backend]:         Progress for Ovenbird: 51.32%/3348.51MiB/00:09:19
(14:45:22) INFO:    [Backend]:         Progress for Ovenbird: 51.41%/3354.06MiB/00:09:18
(14:45:23) INFO:    [Backend]:         Progress for Ovenbird: 51.48%/3358.61MiB/00:09:17
(14:45:24) INFO:    [Backend]:         Progress for Ovenbird: 51.53%/3362.20MiB/00:09:17
(14:45:25) INFO:    [Backend]:         Progress for Ovenbird: 51.63%/3368.72MiB/00:09:16
(14:45:26) INFO:    [Backend]:         Progress for Ovenbird: 51.7%/3373.19MiB/00:09:16
(14:45:27) INFO:    [Backend]:         Progress for Ovenbird: 51.78%/3378.44MiB/00:09:14
(14:45:28) INFO:    [Backend]:         Progress for Ovenbird: 51.85%/3382.89MiB/00:09:14
(14:45:29) INFO:    [Backend]:         Progress for Ovenbird: 51.93%/3388.36MiB/00:09:13
(14:45:30) INFO:    [Backend]:         Progress for Ovenbird: 51.98%/3391.07MiB/00:09:13
(14:45:31) INFO:    [Backend]:         Progress for Ovenbird: 52.07%/3397.50MiB/00:09:11
(14:45:32) INFO:    [Backend]:         Progress for Ovenbird: 52.15%/3402.27MiB/00:09:11
(14:45:33) INFO:    [Backend]:         Progress for Ovenbird: 52.22%/3406.80MiB/00:09:10
(14:45:34) INFO:    [Backend]:         Progress for Ovenbird: 52.32%/3413.37MiB/00:09:09
(14:45:35) INFO:    [Backend]:         Progress for Ovenbird: 52.39%/3418.07MiB/00:09:08
(14:45:36) INFO:    [Backend]:         Progress for Ovenbird: 52.47%/3423.60MiB/00:09:07
(14:45:37) INFO:    [Backend]:         Progress for Ovenbird: 52.53%/3427.21MiB/00:09:07
(14:45:38) INFO:    [Backend]:         Progress for Ovenbird: 52.61%/3432.77MiB/00:09:06
(14:45:39) INFO:    [Backend]:         Progress for Ovenbird: 52.7%/3438.19MiB/00:09:05
(14:45:40) INFO:    [Backend]:         Progress for Ovenbird: 52.77%/3442.77MiB/00:09:04
(14:45:41) INFO:    [Backend]:         Progress for Ovenbird: 52.85%/3448.24MiB/00:09:03
(14:45:42) INFO:    [Backend]:         Progress for Ovenbird: 52.91%/3451.96MiB/00:09:03
(14:45:43) INFO:    [Backend]:         Progress for Ovenbird: 52.98%/3456.66MiB/00:09:02
(14:45:45) INFO:    [Backend]:         Progress for Ovenbird: 53.15%/3467.69MiB/00:09:00
(14:45:46) INFO:    [Backend]:         Progress for Ovenbird: 53.24%/3473.43MiB/00:08:59
(14:45:48) INFO:    [Backend]:         Progress for Ovenbird: 53.4%/3483.97MiB/00:08:57
(14:45:49) INFO:    [Backend]:         Progress for Ovenbird: 53.46%/3487.78MiB/00:08:57
(14:45:50) INFO:    [Backend]:         Progress for Ovenbird: 53.54%/3493.39MiB/00:08:56
(14:45:52) INFO:    [Backend]:         Progress for Ovenbird: 53.7%/3503.29MiB/00:08:54
(14:45:53) INFO:    [Backend]:         Progress for Ovenbird: 53.8%/3509.83MiB/00:08:52
(14:45:54) INFO:    [Backend]:         Progress for Ovenbird: 53.87%/3514.48MiB/00:08:52
(14:45:55) INFO:    [Backend]:         Progress for Ovenbird: 53.95%/3520.09MiB/00:08:51
(14:46:02) INFO:    [Backend]:         Progress for Ovenbird: 54.48%/3554.79MiB/00:08:46
(14:46:03) INFO:    [Backend]:         Progress for Ovenbird: 54.59%/3561.47MiB/00:08:45
(14:46:04) INFO:    [Backend]:         Progress for Ovenbird: 54.65%/3565.34MiB/00:08:44
(14:46:05) INFO:    [Backend]:         Progress for Ovenbird: 54.73%/3570.96MiB/00:08:44
(14:46:06) INFO:    [Backend]:         Progress for Ovenbird: 54.79%/3574.77MiB/00:08:43
(14:46:07) INFO:    [Backend]:         Progress for Ovenbird: 54.85%/3578.55MiB/00:08:43
(14:46:09) INFO:    [Backend]:         Progress for Ovenbird: 55.02%/3590.03MiB/00:08:41
(14:46:10) INFO:    [Backend]:         Progress for Ovenbird: 55.07%/3592.77MiB/00:08:41
(14:46:11) INFO:    [Backend]:         Progress for Ovenbird: 55.16%/3599.15MiB/00:08:40
(14:46:12) INFO:    [Backend]:         Progress for Ovenbird: 55.23%/3603.67MiB/00:08:39
(14:46:13) INFO:    [Backend]:         Progress for Ovenbird: 55.32%/3609.13MiB/00:08:40
(14:46:17) INFO:    [Backend]:         Progress for Ovenbird: 55.63%/3629.41MiB/00:08:35
(14:46:18) INFO:    [Backend]:         Progress for Ovenbird: 55.7%/3634.11MiB/00:08:34
(14:46:21) INFO:    [Backend]:         Progress for Ovenbird: 55.95%/3650.68MiB/00:08:31
(14:46:22) INFO:    [Backend]:         Progress for Ovenbird: 56.01%/3654.33MiB/00:08:31
(14:46:23) INFO:    [Backend]:         Progress for Ovenbird: 56.11%/3660.68MiB/00:08:30
(14:46:24) INFO:    [Backend]:         Progress for Ovenbird: 56.19%/3666.20MiB/00:08:29
(14:46:25) INFO:    [Backend]:         Progress for Ovenbird: 56.25%/3669.97MiB/00:08:28
(14:46:26) INFO:    [Backend]:         Progress for Ovenbird: 56.33%/3675.31MiB/00:08:28
(14:46:27) INFO:    [Backend]:         Progress for Ovenbird: 56.42%/3680.93MiB/00:08:27
(14:46:28) INFO:    [Backend]:         Progress for Ovenbird: 56.49%/3685.49MiB/00:08:26
(14:46:29) INFO:    [Backend]:         Progress for Ovenbird: 56.57%/3690.91MiB/00:08:25
(14:46:30) INFO:    [Backend]:         Progress for Ovenbird: 56.65%/3696.32MiB/00:08:24
(14:46:31) INFO:    [Backend]:         Progress for Ovenbird: 56.74%/3701.69MiB/00:08:23
(14:46:32) INFO:    [Backend]:         Progress for Ovenbird: 56.81%/3706.25MiB/00:08:22
(14:46:35) INFO:    [Backend]:         Progress for Ovenbird: 57.04%/3721.84MiB/00:08:20
(14:46:36) INFO:    [Backend]:         Progress for Ovenbird: 57.14%/3728.15MiB/00:08:19
(14:46:38) INFO:    [Backend]:         Progress for Ovenbird: 57.3%/3738.22MiB/00:08:17
(14:46:39) INFO:    [Backend]:         Progress for Ovenbird: 57.37%/3742.74MiB/00:08:17
(14:46:40) INFO:    [Backend]:         Progress for Ovenbird: 57.45%/3748.24MiB/00:08:16
(14:46:42) INFO:    [Backend]:         Progress for Ovenbird: 57.62%/3759.54MiB/00:08:14
(14:46:43) INFO:    [Backend]:         Progress for Ovenbird: 57.72%/3766.06MiB/00:08:12
(14:46:44) INFO:    [Backend]:         Progress for Ovenbird: 57.78%/3769.71MiB/00:08:12
(14:46:45) INFO:    [Backend]:         Progress for Ovenbird: 57.89%/3776.98MiB/00:08:11
(14:46:46) INFO:    [Backend]:         Progress for Ovenbird: 57.96%/3781.59MiB/00:08:10
(14:46:47) INFO:    [Backend]:         Progress for Ovenbird: 58.05%/3787.69MiB/00:08:09
(14:46:48) INFO:    [Backend]:         Progress for Ovenbird: 58.14%/3793.12MiB/00:08:08
(14:46:50) INFO:    [Backend]:         Progress for Ovenbird: 58.28%/3802.39MiB/00:08:06
(14:46:51) INFO:    [Backend]:         Progress for Ovenbird: 58.39%/3809.39MiB/00:08:05
(14:46:52) INFO:    [Backend]:         Progress for Ovenbird: 58.46%/3814.05MiB/00:08:04
(14:46:53) INFO:    [Backend]:         Progress for Ovenbird: 58.51%/3817.70MiB/00:08:04
(14:46:54) INFO:    [Backend]:         Progress for Ovenbird: 58.6%/3823.27MiB/00:08:03
(14:46:58) INFO:    [Backend]:         Progress for Ovenbird: 58.92%/3844.06MiB/00:07:59
(14:46:59) INFO:    [Backend]:         Progress for Ovenbird: 58.99%/3848.81MiB/00:07:58
(14:47:01) INFO:    [Backend]:         Progress for Ovenbird: 59.13%/3858.17MiB/00:07:57
(14:47:02) INFO:    [Backend]:         Progress for Ovenbird: 59.25%/3865.63MiB/00:07:56
(14:47:03) INFO:    [Backend]:         Progress for Ovenbird: 59.32%/3870.29MiB/00:07:55
(14:47:05) INFO:    [Backend]:         Progress for Ovenbird: 59.47%/3880.27MiB/00:07:53
(14:47:06) INFO:    [Backend]:         Progress for Ovenbird: 59.56%/3885.73MiB/00:07:52
(14:47:08) INFO:    [Backend]:         Progress for Ovenbird: 59.7%/3895.08MiB/00:07:50
(14:47:09) INFO:    [Backend]:         Progress for Ovenbird: 59.8%/3901.75MiB/00:07:49
(14:47:10) INFO:    [Backend]:         Progress for Ovenbird: 59.89%/3907.22MiB/00:07:48
(14:47:11) INFO:    [Backend]:         Progress for Ovenbird: 59.97%/3913.00MiB/00:07:47
(14:47:12) INFO:    [Backend]:         Progress for Ovenbird: 60.02%/3915.78MiB/00:07:48
(14:47:13) INFO:    [Backend]:         Progress for Ovenbird: 60.1%/3921.26MiB/00:07:47
(14:47:14) INFO:    [Backend]:         Progress for Ovenbird: 60.19%/3926.78MiB/00:07:45
(14:47:15) INFO:    [Backend]:         Progress for Ovenbird: 60.26%/3931.38MiB/00:07:44
(14:47:16) INFO:    [Backend]:         Progress for Ovenbird: 60.37%/3938.71MiB/00:07:43
(14:47:17) INFO:    [Backend]:         Progress for Ovenbird: 60.44%/3943.48MiB/00:07:42
(14:47:18) INFO:    [Backend]:         Progress for Ovenbird: 60.51%/3948.05MiB/00:07:42
(14:47:19) INFO:    [Backend]:         Progress for Ovenbird: 60.58%/3952.62MiB/00:07:41
(14:47:20) INFO:    [Backend]:         Progress for Ovenbird: 60.64%/3956.12MiB/00:07:41
(14:47:21) INFO:    [Backend]:         Progress for Ovenbird: 60.72%/3961.77MiB/00:07:40
(14:47:22) INFO:    [Backend]:         Progress for Ovenbird: 60.82%/3968.40MiB/00:07:39
(14:47:23) INFO:    [Backend]:         Progress for Ovenbird: 60.91%/3974.01MiB/00:07:37
(14:47:24) INFO:    [Backend]:         Progress for Ovenbird: 61%/3979.64MiB/00:07:36
(14:47:25) INFO:    [Backend]:         Progress for Ovenbird: 61.07%/3984.29MiB/00:07:36
(14:47:26) INFO:    [Backend]:         Progress for Ovenbird: 61.15%/3989.65MiB/00:07:35
(14:47:27) INFO:    [Backend]:         Progress for Ovenbird: 61.2%/3993.21MiB/00:07:34
(14:47:28) INFO:    [Backend]:         Progress for Ovenbird: 61.3%/3999.52MiB/00:07:33
(14:47:29) INFO:    [Backend]:         Progress for Ovenbird: 61.37%/4003.98MiB/00:07:33
(14:47:30) INFO:    [Backend]:         Progress for Ovenbird: 61.45%/4009.41MiB/00:07:32
(14:47:31) INFO:    [Backend]:         Progress for Ovenbird: 61.54%/4014.94MiB/00:07:31
(14:47:32) INFO:    [Backend]:         Progress for Ovenbird: 61.62%/4020.28MiB/00:07:30
(14:47:34) INFO:    [Backend]:         Progress for Ovenbird: 61.76%/4029.51MiB/00:07:28
(14:47:36) INFO:    [Backend]:         Progress for Ovenbird: 61.94%/4041.02MiB/00:07:27
(14:47:37) INFO:    [Backend]:         Progress for Ovenbird: 62.01%/4045.51MiB/00:07:25
(14:47:38) INFO:    [Backend]:         Progress for Ovenbird: 62.09%/4051.24MiB/00:07:24
(14:47:39) INFO:    [Backend]:         Progress for Ovenbird: 62.18%/4056.66MiB/00:07:24
(14:47:40) INFO:    [Backend]:         Progress for Ovenbird: 62.25%/4061.43MiB/00:07:23
(14:47:41) INFO:    [Backend]:         Progress for Ovenbird: 62.32%/4066.06MiB/00:07:22
(14:47:43) INFO:    [Backend]:         Progress for Ovenbird: 62.49%/4077.13MiB/00:07:20
(14:47:44) INFO:    [Backend]:         Progress for Ovenbird: 62.56%/4081.65MiB/00:07:20
(14:47:45) INFO:    [Backend]:         Progress for Ovenbird: 62.63%/4086.26MiB/00:07:19
(14:47:49) INFO:    [Backend]:         Progress for Ovenbird: 62.94%/4106.50MiB/00:07:16
(14:47:50) INFO:    [Backend]:         Progress for Ovenbird: 63%/4110.13MiB/00:07:15
(14:47:51) INFO:    [Backend]:         Progress for Ovenbird: 63.08%/4115.54MiB/00:07:14
(14:47:52) INFO:    [Backend]:         Progress for Ovenbird: 63.15%/4120.07MiB/00:07:13
(14:47:53) INFO:    [Backend]:         Progress for Ovenbird: 63.25%/4126.48MiB/00:07:12
(14:47:54) INFO:    [Backend]:         Progress for Ovenbird: 63.31%/4130.29MiB/00:07:12
(14:47:55) INFO:    [Backend]:         Progress for Ovenbird: 63.4%/4136.54MiB/00:07:10
(14:47:56) INFO:    [Backend]:         Progress for Ovenbird: 63.47%/4141.09MiB/00:07:10
(14:47:57) INFO:    [Backend]:         Progress for Ovenbird: 63.56%/4146.72MiB/00:07:08
(14:47:58) INFO:    [Backend]:         Progress for Ovenbird: 63.64%/4152.26MiB/00:07:07
(14:47:59) INFO:    [Backend]:         Progress for Ovenbird: 63.71%/4156.65MiB/00:07:06
(14:48:00) INFO:    [Backend]:         Progress for Ovenbird: 63.78%/4161.18MiB/00:07:06
(14:48:01) INFO:    [Backend]:         Progress for Ovenbird: 63.84%/4164.94MiB/00:07:05
(14:48:02) INFO:    [Backend]:         Progress for Ovenbird: 63.96%/4172.95MiB/00:07:03
(14:48:03) INFO:    [Backend]:         Progress for Ovenbird: 64.01%/4176.52MiB/00:07:03
(14:48:04) INFO:    [Backend]:         Progress for Ovenbird: 64.11%/4183.04MiB/00:07:01
(14:48:06) INFO:    [Backend]:         Progress for Ovenbird: 64.28%/4193.73MiB/00:06:59
(14:48:07) INFO:    [Backend]:         Progress for Ovenbird: 64.35%/4198.28MiB/00:06:58
(14:48:09) INFO:    [Backend]:         Progress for Ovenbird: 64.48%/4206.80MiB/00:06:57
(14:48:10) INFO:    [Backend]:         Progress for Ovenbird: 64.57%/4212.63MiB/00:06:56
(14:48:11) INFO:    [Backend]:         Progress for Ovenbird: 64.64%/4217.40MiB/00:06:55
(14:48:12) INFO:    [Backend]:         Progress for Ovenbird: 64.72%/4222.86MiB/00:06:54
(14:48:14) INFO:    [Backend]:         Progress for Ovenbird: 64.88%/4233.08MiB/00:06:52
(14:48:17) INFO:    [Backend]:         Progress for Ovenbird: 65.12%/4248.96MiB/00:06:50
(14:48:18) INFO:    [Backend]:         Progress for Ovenbird: 65.22%/4255.38MiB/00:06:49
(14:48:19) INFO:    [Backend]:         Progress for Ovenbird: 65.29%/4259.91MiB/00:06:48
(14:48:20) INFO:    [Backend]:         Progress for Ovenbird: 65.38%/4265.41MiB/00:06:47
(14:48:21) INFO:    [Backend]:         Progress for Ovenbird: 65.45%/4270.03MiB/00:06:46
(14:48:22) INFO:    [Backend]:         Progress for Ovenbird: 65.5%/4273.62MiB/00:06:46
(14:48:23) INFO:    [Backend]:         Progress for Ovenbird: 65.57%/4278.27MiB/00:06:45
(14:48:24) INFO:    [Backend]:         Progress for Ovenbird: 65.66%/4284.01MiB/00:06:44
(14:48:26) INFO:    [Backend]:         Progress for Ovenbird: 65.81%/4293.97MiB/00:06:43
(14:48:27) INFO:    [Backend]:         Progress for Ovenbird: 65.9%/4299.41MiB/00:06:42
(14:48:28) INFO:    [Backend]:         Progress for Ovenbird: 65.98%/4304.91MiB/00:06:41
(14:48:29) INFO:    [Backend]:         Progress for Ovenbird: 66.04%/4308.46MiB/00:06:40
(14:48:30) INFO:    [Backend]:         Progress for Ovenbird: 66.13%/4314.63MiB/00:06:39
(14:48:31) INFO:    [Backend]:         Progress for Ovenbird: 66.2%/4319.06MiB/00:06:38
(14:48:32) INFO:    [Backend]:         Progress for Ovenbird: 66.27%/4323.64MiB/00:06:37
(14:48:33) INFO:    [Backend]:         Progress for Ovenbird: 66.35%/4329.25MiB/00:06:37
(14:48:34) INFO:    [Backend]:         Progress for Ovenbird: 66.41%/4332.96MiB/00:06:36
(14:48:35) INFO:    [Backend]:         Progress for Ovenbird: 66.5%/4338.44MiB/00:06:35
(14:48:38) INFO:    [Backend]:         Progress for Ovenbird: 66.74%/4354.71MiB/00:06:32
(14:48:39) INFO:    [Backend]:         Progress for Ovenbird: 66.82%/4359.35MiB/00:06:31
(14:48:40) INFO:    [Backend]:         Progress for Ovenbird: 66.88%/4363.63MiB/00:06:30
(14:48:41) INFO:    [Backend]:         Progress for Ovenbird: 66.96%/4369.02MiB/00:06:29
(14:48:42) INFO:    [Backend]:         Progress for Ovenbird: 67.04%/4373.65MiB/00:06:29
(14:48:43) INFO:    [Backend]:         Progress for Ovenbird: 67.12%/4379.23MiB/00:06:28
(14:48:45) INFO:    [Backend]:         Progress for Ovenbird: 67.28%/4389.32MiB/00:06:26
(14:48:46) INFO:    [Backend]:         Progress for Ovenbird: 67.36%/4394.57MiB/00:06:25
(14:48:47) INFO:    [Backend]:         Progress for Ovenbird: 67.41%/4398.24MiB/00:06:24
(14:48:48) INFO:    [Backend]:         Progress for Ovenbird: 67.49%/4403.62MiB/00:06:23
(14:48:49) INFO:    [Backend]:         Progress for Ovenbird: 67.57%/4408.30MiB/00:06:23
(14:48:52) INFO:    [Backend]:         Progress for Ovenbird: 67.82%/4424.84MiB/00:06:20
(14:48:53) INFO:    [Backend]:         Progress for Ovenbird: 67.92%/4431.26MiB/00:06:19
(14:48:54) INFO:    [Backend]:         Progress for Ovenbird: 67.99%/4435.75MiB/00:06:18
(14:48:55) INFO:    [Backend]:         Progress for Ovenbird: 68.06%/4440.40MiB/00:06:17
(14:48:56) INFO:    [Backend]:         Progress for Ovenbird: 68.12%/4444.19MiB/00:06:17
(14:48:58) INFO:    [Backend]:         Progress for Ovenbird: 68.29%/4455.28MiB/00:06:15
(14:49:02) INFO:    [Backend]:         Progress for Ovenbird: 68.61%/4476.16MiB/00:06:11
(14:49:03) INFO:    [Backend]:         Progress for Ovenbird: 68.68%/4480.95MiB/00:06:11
(14:49:04) INFO:    [Backend]:         Progress for Ovenbird: 68.77%/4486.63MiB/00:06:09
(14:49:07) INFO:    [Backend]:         Progress for Ovenbird: 68.99%/4501.16MiB/00:06:07
(14:49:08) INFO:    [Backend]:         Progress for Ovenbird: 69.09%/4507.39MiB/00:06:06
(14:49:09) INFO:    [Backend]:         Progress for Ovenbird: 69.14%/4511.00MiB/00:06:05
(14:49:10) INFO:    [Backend]:         Progress for Ovenbird: 69.22%/4516.47MiB/00:06:04
(14:49:11) INFO:    [Backend]:         Progress for Ovenbird: 69.3%/4521.73MiB/00:06:03
(14:49:12) INFO:    [Backend]:         Progress for Ovenbird: 69.36%/4525.28MiB/00:06:02
(14:49:13) INFO:    [Backend]:         Progress for Ovenbird: 69.46%/4531.56MiB/00:06:01
(14:49:14) INFO:    [Backend]:         Progress for Ovenbird: 69.53%/4536.13MiB/00:06:01
(14:49:15) INFO:    [Backend]:         Progress for Ovenbird: 69.61%/4541.54MiB/00:06:00
(14:49:17) INFO:    [Backend]:         Progress for Ovenbird: 69.75%/4550.64MiB/00:05:58
(14:49:19) INFO:    [Backend]:         Progress for Ovenbird: 69.9%/4560.84MiB/00:05:56
(14:49:20) INFO:    [Backend]:         Progress for Ovenbird: 69.96%/4564.74MiB/00:05:55
(14:49:21) INFO:    [Backend]:         Progress for Ovenbird: 70.05%/4570.43MiB/00:05:54
(14:49:22) INFO:    [Backend]:         Progress for Ovenbird: 70.1%/4573.92MiB/00:05:54
(14:49:23) INFO:    [Backend]:         Progress for Ovenbird: 70.19%/4579.55MiB/00:05:53
(14:49:24) INFO:    [Backend]:         Progress for Ovenbird: 70.28%/4585.05MiB/00:05:52
(14:49:25) INFO:    [Backend]:         Progress for Ovenbird: 70.35%/4589.64MiB/00:05:51
(14:49:26) INFO:    [Backend]:         Progress for Ovenbird: 70.42%/4594.36MiB/00:05:51
(14:49:27) INFO:    [Backend]:         Progress for Ovenbird: 70.51%/4600.06MiB/00:05:50
(14:49:28) INFO:    [Backend]:         Progress for Ovenbird: 70.58%/4604.63MiB/00:05:49
(14:49:29) INFO:    [Backend]:         Progress for Ovenbird: 70.63%/4608.15MiB/00:05:48
(14:49:32) INFO:    [Backend]:         Progress for Ovenbird: 70.89%/4624.84MiB/00:05:45
(14:49:43) INFO:    [Backend]:         Progress for Ovenbird: 71.77%/4682.44MiB/00:05:35
(14:49:45) INFO:    [Backend]:         Progress for Ovenbird: 71.91%/4691.50MiB/00:05:34
(14:49:50) INFO:    [Backend]:         Progress for Ovenbird: 72.28%/4716.06MiB/00:05:30
(14:49:51) INFO:    [Backend]:         Progress for Ovenbird: 72.37%/4721.59MiB/00:05:29
(14:49:52) INFO:    [Backend]:         Progress for Ovenbird: 72.43%/4725.37MiB/00:05:28
(14:49:54) INFO:    [Backend]:         Progress for Ovenbird: 72.58%/4735.70MiB/00:05:26
(14:49:56) INFO:    [Backend]:         Progress for Ovenbird: 72.75%/4746.40MiB/00:05:25
(14:49:57) INFO:    [Backend]:         Progress for Ovenbird: 72.83%/4751.79MiB/00:05:24
(14:49:58) INFO:    [Backend]:         Progress for Ovenbird: 72.92%/4757.27MiB/00:05:22
(14:50:00) INFO:    [Backend]:         Progress for Ovenbird: 73.05%/4766.33MiB/00:05:20
(14:50:01) INFO:    [Backend]:         Progress for Ovenbird: 73.13%/4770.99MiB/00:05:19
(14:50:02) INFO:    [Backend]:         Progress for Ovenbird: 73.2%/4775.65MiB/00:05:19
(14:50:03) INFO:    [Backend]:         Progress for Ovenbird: 73.3%/4782.16MiB/00:05:18
(14:50:04) INFO:    [Backend]:         Progress for Ovenbird: 73.37%/4786.94MiB/00:05:17
(14:50:05) INFO:    [Backend]:         Progress for Ovenbird: 73.46%/4792.54MiB/00:05:16
(14:50:06) INFO:    [Backend]:         Progress for Ovenbird: 73.54%/4798.04MiB/00:05:15
(14:50:07) INFO:    [Backend]:         Progress for Ovenbird: 73.63%/4803.61MiB/00:05:14
(14:50:09) INFO:    [Backend]:         Progress for Ovenbird: 73.77%/4812.77MiB/00:05:12
(14:50:10) INFO:    [Backend]:         Progress for Ovenbird: 73.84%/4817.35MiB/00:05:12
(14:50:11) INFO:    [Backend]:         Progress for Ovenbird: 73.92%/4823.04MiB/00:05:11
(14:50:12) INFO:    [Backend]:         Progress for Ovenbird: 74.01%/4828.77MiB/00:05:10
(14:50:13) INFO:    [Backend]:         Progress for Ovenbird: 74.09%/4833.63MiB/00:05:09
(14:50:15) INFO:    [Backend]:         Progress for Ovenbird: 74.26%/4845.06MiB/00:05:07
(14:50:16) INFO:    [Backend]:         Progress for Ovenbird: 74.31%/4848.57MiB/00:05:06
(14:50:17) INFO:    [Backend]:         Progress for Ovenbird: 74.41%/4855.03MiB/00:05:05
(14:50:18) INFO:    [Backend]:         Progress for Ovenbird: 74.49%/4859.79MiB/00:05:04
(14:50:19) INFO:    [Backend]:         Progress for Ovenbird: 74.56%/4864.49MiB/00:05:03
(14:50:20) INFO:    [Backend]:         Progress for Ovenbird: 74.64%/4870.04MiB/00:05:02
(14:50:21) INFO:    [Backend]:         Progress for Ovenbird: 74.71%/4874.36MiB/00:05:02
(14:50:23) INFO:    [Backend]:         Progress for Ovenbird: 74.84%/4883.15MiB/00:05:00
(14:50:25) INFO:    [Backend]:         Progress for Ovenbird: 75.01%/4893.63MiB/00:04:58
(14:50:26) INFO:    [Backend]:         Progress for Ovenbird: 75.06%/4897.45MiB/00:04:58
(14:50:29) INFO:    [Backend]:         Progress for Ovenbird: 75.28%/4911.26MiB/00:04:56
(14:50:31) INFO:    [Backend]:         Progress for Ovenbird: 75.43%/4921.44MiB/00:04:54
(14:50:32) INFO:    [Backend]:         Progress for Ovenbird: 75.52%/4927.05MiB/00:04:53
(14:50:33) INFO:    [Backend]:         Progress for Ovenbird: 75.57%/4930.74MiB/00:04:52
(14:50:36) INFO:    [Backend]:         Progress for Ovenbird: 75.72%/4940.49MiB/00:04:51
(14:50:38) INFO:    [Backend]:         Progress for Ovenbird: 75.89%/4951.29MiB/00:04:49
(14:50:39) INFO:    [Backend]:         Progress for Ovenbird: 75.96%/4955.88MiB/00:04:48
(14:50:43) INFO:    [Backend]:         Progress for Ovenbird: 76.26%/4975.38MiB/00:04:45
(14:50:44) INFO:    [Backend]:         Progress for Ovenbird: 76.34%/4981.01MiB/00:04:44
(14:50:45) INFO:    [Backend]:         Progress for Ovenbird: 76.41%/4985.59MiB/00:04:43
(14:50:46) INFO:    [Backend]:         Progress for Ovenbird: 76.5%/4991.17MiB/00:04:42
(14:50:49) INFO:    [Backend]:         Progress for Ovenbird: 76.73%/5006.01MiB/00:04:39
(14:50:50) INFO:    [Backend]:         Progress for Ovenbird: 76.8%/5010.42MiB/00:04:39
(14:50:51) INFO:    [Backend]:         Progress for Ovenbird: 76.85%/5013.84MiB/00:04:38
(14:50:52) INFO:    [Backend]:         Progress for Ovenbird: 76.93%/5019.41MiB/00:04:37
(14:50:53) INFO:    [Backend]:         Progress for Ovenbird: 76.99%/5023.18MiB/00:04:36
(14:50:54) INFO:    [Backend]:         Progress for Ovenbird: 77.05%/5026.86MiB/00:04:36
(14:50:56) INFO:    [Backend]:         Progress for Ovenbird: 77.16%/5034.33MiB/00:04:35
(14:50:59) INFO:    [Backend]:         Progress for Ovenbird: 77.36%/5047.44MiB/00:04:33
(14:51:00) INFO:    [Backend]:         Progress for Ovenbird: 77.42%/5051.21MiB/00:04:32
(14:51:02) INFO:    [Backend]:         Progress for Ovenbird: 77.6%/5062.63MiB/00:04:30
(14:51:03) INFO:    [Backend]:         Progress for Ovenbird: 77.67%/5067.36MiB/00:04:30
(14:51:04) INFO:    [Backend]:         Progress for Ovenbird: 77.72%/5071.06MiB/00:04:28
(14:51:05) INFO:    [Backend]:         Progress for Ovenbird: 77.81%/5076.85MiB/00:04:27
(14:51:07) INFO:    [Backend]:         Progress for Ovenbird: 77.95%/5085.96MiB/00:04:26
(14:51:08) INFO:    [Backend]:         Progress for Ovenbird: 78.02%/5090.57MiB/00:04:25
(14:51:14) INFO:    [Backend]:         Progress for Ovenbird: 78.5%/5121.77MiB/00:04:19
(14:51:15) INFO:    [Backend]:         Progress for Ovenbird: 78.56%/5125.43MiB/00:04:18
(14:51:16) INFO:    [Backend]:         Progress for Ovenbird: 78.64%/5130.83MiB/00:04:17
(14:51:17) INFO:    [Backend]:         Progress for Ovenbird: 78.74%/5137.30MiB/00:04:16
(14:51:18) INFO:    [Backend]:         Progress for Ovenbird: 78.78%/5140.15MiB/00:04:16
(14:51:19) INFO:    [Backend]:         Progress for Ovenbird: 78.87%/5145.71MiB/00:04:15
(14:51:20) INFO:    [Backend]:         Progress for Ovenbird: 78.94%/5150.30MiB/00:04:14
(14:51:23) INFO:    [Backend]:         Progress for Ovenbird: 79.17%/5165.33MiB/00:04:11
(14:51:26) INFO:    [Backend]:         Progress for Ovenbird: 79.4%/5180.44MiB/00:04:09
(14:51:27) INFO:    [Backend]:         Progress for Ovenbird: 79.49%/5186.11MiB/00:04:08
(14:51:28) INFO:    [Backend]:         Progress for Ovenbird: 79.56%/5190.66MiB/00:04:07
(14:51:29) INFO:    [Backend]:         Progress for Ovenbird: 79.63%/5195.24MiB/00:04:06
(14:51:33) INFO:    [Backend]:         Progress for Ovenbird: 79.93%/5214.74MiB/00:04:03
(14:51:35) INFO:    [Backend]:         Progress for Ovenbird: 80.1%/5225.76MiB/00:04:01
(14:51:37) INFO:    [Backend]:         Progress for Ovenbird: 80.26%/5236.72MiB/00:03:59
(14:51:38) INFO:    [Backend]:         Progress for Ovenbird: 80.32%/5240.39MiB/00:03:58
(14:51:39) INFO:    [Backend]:         Progress for Ovenbird: 80.41%/5246.09MiB/00:03:57
(14:51:40) INFO:    [Backend]:         Progress for Ovenbird: 80.47%/5249.91MiB/00:03:57
(14:51:41) INFO:    [Backend]:         Progress for Ovenbird: 80.55%/5255.41MiB/00:03:56
(14:51:42) INFO:    [Backend]:         Progress for Ovenbird: 80.61%/5259.02MiB/00:03:55
(14:51:43) INFO:    [Backend]:         Progress for Ovenbird: 80.69%/5264.53MiB/00:03:55
(14:51:45) INFO:    [Backend]:         Progress for Ovenbird: 80.83%/5273.66MiB/00:03:52
(14:51:46) INFO:    [Backend]:         Progress for Ovenbird: 80.92%/5279.27MiB/00:03:51
(14:51:47) INFO:    [Backend]:         Progress for Ovenbird: 80.99%/5283.86MiB/00:03:51
(14:51:48) INFO:    [Backend]:         Progress for Ovenbird: 81.05%/5288.23MiB/00:03:50
(14:51:49) INFO:    [Backend]:         Progress for Ovenbird: 81.14%/5293.64MiB/00:03:49
(14:51:50) INFO:    [Backend]:         Progress for Ovenbird: 81.22%/5299.34MiB/00:03:48
(14:51:53) INFO:    [Backend]:         Progress for Ovenbird: 81.42%/5312.09MiB/00:03:46
(14:51:54) INFO:    [Backend]:         Progress for Ovenbird: 81.49%/5316.55MiB/00:03:45
(14:51:55) INFO:    [Backend]:         Progress for Ovenbird: 81.57%/5322.03MiB/00:03:44
(14:51:56) INFO:    [Backend]:         Progress for Ovenbird: 81.64%/5326.71MiB/00:03:43
(14:51:57) INFO:    [Backend]:         Progress for Ovenbird: 81.71%/5331.11MiB/00:03:42
(14:51:58) INFO:    [Backend]:         Progress for Ovenbird: 81.81%/5337.45MiB/00:03:41
(14:51:59) INFO:    [Backend]:         Progress for Ovenbird: 81.88%/5342.03MiB/00:03:40
(14:52:00) INFO:    [Backend]:         Progress for Ovenbird: 81.95%/5346.57MiB/00:03:40
(14:52:01) INFO:    [Backend]:         Progress for Ovenbird: 82.02%/5351.27MiB/00:03:39
(14:52:02) INFO:    [Backend]:         Progress for Ovenbird: 82.09%/5356.00MiB/00:03:38
(14:52:03) INFO:    [Backend]:         Progress for Ovenbird: 82.16%/5360.52MiB/00:03:37
(14:52:04) INFO:    [Backend]:         Progress for Ovenbird: 82.26%/5366.73MiB/00:03:36
(14:52:05) INFO:    [Backend]:         Progress for Ovenbird: 82.33%/5371.24MiB/00:03:35
(14:52:06) INFO:    [Backend]:         Progress for Ovenbird: 82.4%/5375.96MiB/00:03:34
(14:52:07) INFO:    [Backend]:         Progress for Ovenbird: 82.45%/5379.59MiB/00:03:34
(14:52:08) INFO:    [Backend]:         Progress for Ovenbird: 82.54%/5385.21MiB/00:03:33
(14:52:09) INFO:    [Backend]:         Progress for Ovenbird: 82.61%/5389.69MiB/00:03:32
(14:52:10) INFO:    [Backend]:         Progress for Ovenbird: 82.68%/5394.38MiB/00:03:31
(14:52:11) INFO:    [Backend]:         Progress for Ovenbird: 82.77%/5399.93MiB/00:03:30
(14:52:12) INFO:    [Backend]:         Progress for Ovenbird: 82.83%/5404.46MiB/00:03:29
(14:52:13) INFO:    [Backend]:         Progress for Ovenbird: 82.94%/5411.58MiB/00:03:28
(14:52:14) INFO:    [Backend]:         Progress for Ovenbird: 83%/5415.36MiB/00:03:27
(14:52:15) INFO:    [Backend]:         Progress for Ovenbird: 83.09%/5421.16MiB/00:03:27
(14:52:16) INFO:    [Backend]:         Progress for Ovenbird: 83.18%/5426.69MiB/00:03:26
(14:52:17) INFO:    [Backend]:         Progress for Ovenbird: 83.25%/5431.31MiB/00:03:24
(14:52:24) INFO:    [Backend]:         Progress for Ovenbird: 83.78%/5466.20MiB/00:03:17
(14:52:25) INFO:    [Backend]:         Progress for Ovenbird: 83.85%/5470.88MiB/00:03:16
(14:52:27) INFO:    [Backend]:         Progress for Ovenbird: 84.01%/5481.25MiB/00:03:15
(14:52:28) INFO:    [Backend]:         Progress for Ovenbird: 84.11%/5487.67MiB/00:03:13
(14:52:31) INFO:    [Backend]:         Progress for Ovenbird: 84.33%/5501.72MiB/00:03:11
(14:52:32) INFO:    [Backend]:         Progress for Ovenbird: 84.42%/5508.02MiB/00:03:10
(14:52:33) INFO:    [Backend]:         Progress for Ovenbird: 84.49%/5512.69MiB/00:03:09
(14:52:34) INFO:    [Backend]:         Progress for Ovenbird: 84.58%/5518.31MiB/00:03:08
(14:52:35) INFO:    [Backend]:         Progress for Ovenbird: 84.64%/5522.09MiB/00:03:07
(14:52:36) INFO:    [Backend]:         Progress for Ovenbird: 84.73%/5527.89MiB/00:03:06
(14:52:37) INFO:    [Backend]:         Progress for Ovenbird: 84.79%/5531.74MiB/00:03:05
(14:52:38) INFO:    [Backend]:         Progress for Ovenbird: 84.87%/5537.20MiB/00:03:04
(14:52:40) INFO:    [Backend]:         Progress for Ovenbird: 85.01%/5546.35MiB/00:03:03
(14:52:43) INFO:    [Backend]:         Progress for Ovenbird: 85.25%/5562.07MiB/00:03:00
(14:52:44) INFO:    [Backend]:         Progress for Ovenbird: 85.31%/5565.73MiB/00:02:59
(14:52:46) INFO:    [Backend]:         Progress for Ovenbird: 85.48%/5577.08MiB/00:02:57
(14:52:47) INFO:    [Backend]:         Progress for Ovenbird: 85.54%/5580.82MiB/00:02:57
(14:52:48) INFO:    [Backend]:         Progress for Ovenbird: 85.63%/5586.55MiB/00:02:56
(14:52:50) INFO:    [Backend]:         Progress for Ovenbird: 85.77%/5595.93MiB/00:02:54
(14:52:51) INFO:    [Backend]:         Progress for Ovenbird: 85.83%/5599.66MiB/00:02:54
(14:52:52) INFO:    [Backend]:         Progress for Ovenbird: 85.91%/5605.16MiB/00:02:53
(14:52:53) INFO:    [Backend]:         Progress for Ovenbird: 85.97%/5609.02MiB/00:02:52
(14:52:55) INFO:    [Backend]:         Progress for Ovenbird: 86.13%/5619.49MiB/00:02:50
(14:52:56) INFO:    [Backend]:         Progress for Ovenbird: 86.19%/5623.22MiB/00:02:49
(14:52:57) INFO:    [Backend]:         Progress for Ovenbird: 86.26%/5628.02MiB/00:02:49
(14:52:58) INFO:    [Backend]:         Progress for Ovenbird: 86.34%/5632.86MiB/00:02:48
(14:52:59) INFO:    [Backend]:         Progress for Ovenbird: 86.41%/5637.62MiB/00:02:47
(14:53:00) INFO:    [Backend]:         Progress for Ovenbird: 86.5%/5643.33MiB/00:02:46
(14:53:01) INFO:    [Backend]:         Progress for Ovenbird: 86.55%/5647.10MiB/00:02:45
(14:53:02) INFO:    [Backend]:         Progress for Ovenbird: 86.62%/5651.63MiB/00:02:45
(14:53:04) INFO:    [Backend]:         Progress for Ovenbird: 86.79%/5662.41MiB/00:02:43
(14:53:06) INFO:    [Backend]:         Progress for Ovenbird: 86.92%/5670.75MiB/00:02:41
(14:53:07) INFO:    [Backend]:         Progress for Ovenbird: 87%/5676.14MiB/00:02:40
(14:53:10) INFO:    [Backend]:         Progress for Ovenbird: 87.22%/5690.74MiB/00:02:38
(14:53:15) INFO:    [Backend]:         Progress for Ovenbird: 87.58%/5714.38MiB/00:02:33
(14:53:17) INFO:    [Backend]:         Progress for Ovenbird: 87.74%/5724.33MiB/00:02:32
(14:53:18) INFO:    [Backend]:         Progress for Ovenbird: 87.79%/5728.00MiB/00:02:31
(14:53:19) INFO:    [Backend]:         Progress for Ovenbird: 87.87%/5732.71MiB/00:02:30
(14:53:21) INFO:    [Backend]:         Progress for Ovenbird: 88%/5741.79MiB/00:02:28
(14:53:22) INFO:    [Backend]:         Progress for Ovenbird: 88.1%/5748.06MiB/00:02:27
(14:53:23) INFO:    [Backend]:         Progress for Ovenbird: 88.19%/5753.64MiB/00:02:26
(14:53:24) INFO:    [Backend]:         Progress for Ovenbird: 88.24%/5757.29MiB/00:02:26
(14:53:25) INFO:    [Backend]:         Progress for Ovenbird: 88.33%/5763.01MiB/00:02:25
(14:53:26) INFO:    [Backend]:         Progress for Ovenbird: 88.4%/5767.66MiB/00:02:24
(14:53:27) INFO:    [Backend]:         Progress for Ovenbird: 88.48%/5773.06MiB/00:02:23
(14:53:29) INFO:    [Backend]:         Progress for Ovenbird: 88.62%/5782.11MiB/00:02:21
(14:53:30) INFO:    [Backend]:         Progress for Ovenbird: 88.69%/5786.67MiB/00:02:20
(14:53:32) INFO:    [Backend]:         Progress for Ovenbird: 88.85%/5796.95MiB/00:02:19
(14:53:36) INFO:    [Backend]:         Progress for Ovenbird: 89.16%/5817.13MiB/00:02:15
(14:53:37) INFO:    [Backend]:         Progress for Ovenbird: 89.25%/5822.80MiB/00:02:14
(14:53:39) INFO:    [Backend]:         Progress for Ovenbird: 89.4%/5833.10MiB/00:02:12
(14:53:40) INFO:    [Backend]:         Progress for Ovenbird: 89.49%/5838.57MiB/00:02:11
(14:53:42) INFO:    [Backend]:         Progress for Ovenbird: 89.63%/5847.74MiB/00:02:10
(14:53:47) INFO:    [Backend]:         Progress for Ovenbird: 90%/5872.28MiB/00:02:05
(14:53:51) INFO:    [Backend]:         Progress for Ovenbird: 90.33%/5893.49MiB/00:02:02
(14:53:52) INFO:    [Backend]:         Progress for Ovenbird: 90.4%/5898.25MiB/00:02:01
(14:53:53) INFO:    [Backend]:         Progress for Ovenbird: 90.49%/5904.01MiB/00:02:00
(14:53:54) INFO:    [Backend]:         Progress for Ovenbird: 90.56%/5908.68MiB/00:01:59
(14:53:55) INFO:    [Backend]:         Progress for Ovenbird: 90.64%/5913.49MiB/00:01:58
(14:53:56) INFO:    [Backend]:         Progress for Ovenbird: 90.71%/5918.19MiB/00:01:57
(14:53:57) INFO:    [Backend]:         Progress for Ovenbird: 90.81%/5924.83MiB/00:01:56
(14:53:58) INFO:    [Backend]:         Progress for Ovenbird: 90.88%/5929.53MiB/00:01:55
(14:53:59) INFO:    [Backend]:         Progress for Ovenbird: 90.96%/5934.40MiB/00:01:54
(14:54:01) INFO:    [Backend]:         Progress for Ovenbird: 91.12%/5945.26MiB/00:01:52
(14:54:02) INFO:    [Backend]:         Progress for Ovenbird: 91.21%/5950.98MiB/00:01:51
(14:54:03) INFO:    [Backend]:         Progress for Ovenbird: 91.27%/5954.57MiB/00:01:50
(14:54:05) INFO:    [Backend]:         Progress for Ovenbird: 91.41%/5963.69MiB/00:01:48
(14:54:06) INFO:    [Backend]:         Progress for Ovenbird: 91.48%/5968.34MiB/00:01:47
(14:54:07) INFO:    [Backend]:         Progress for Ovenbird: 91.56%/5973.91MiB/00:01:45
(14:54:08) INFO:    [Backend]:         Progress for Ovenbird: 91.65%/5979.47MiB/00:01:44
(14:54:09) INFO:    [Backend]:         Progress for Ovenbird: 91.71%/5983.38MiB/00:01:44
(14:54:10) INFO:    [Backend]:         Progress for Ovenbird: 91.77%/5987.18MiB/00:01:43
(14:54:11) INFO:    [Backend]:         Progress for Ovenbird: 91.85%/5992.91MiB/00:01:42
(14:54:12) INFO:    [Backend]:         Progress for Ovenbird: 91.91%/5996.58MiB/00:01:41
(14:54:13) INFO:    [Backend]:         Progress for Ovenbird: 92.01%/6003.07MiB/00:01:40
(14:54:14) INFO:    [Backend]:         Progress for Ovenbird: 92.07%/6006.83MiB/00:01:40
(14:54:15) INFO:    [Backend]:         Progress for Ovenbird: 92.15%/6012.52MiB/00:01:39
(14:54:16) INFO:    [Backend]:         Progress for Ovenbird: 92.21%/6016.28MiB/00:01:38
(14:54:17) INFO:    [Backend]:         Progress for Ovenbird: 92.3%/6021.79MiB/00:01:37
(14:54:18) INFO:    [Backend]:         Progress for Ovenbird: 92.37%/6026.44MiB/00:01:36
(14:54:19) INFO:    [Backend]:         Progress for Ovenbird: 92.43%/6030.20MiB/00:01:35
(14:54:20) INFO:    [Backend]:         Progress for Ovenbird: 92.51%/6035.84MiB/00:01:34
(14:54:21) INFO:    [Backend]:         Progress for Ovenbird: 92.6%/6041.47MiB/00:01:33
(14:54:22) INFO:    [Backend]:         Progress for Ovenbird: 92.65%/6045.13MiB/00:01:33
(14:54:23) INFO:    [Backend]:         Progress for Ovenbird: 92.71%/6048.91MiB/00:01:32
(14:54:24) INFO:    [Backend]:         Progress for Ovenbird: 92.8%/6054.63MiB/00:01:31
(14:54:25) INFO:    [Backend]:         Progress for Ovenbird: 92.87%/6059.27MiB/00:01:30
(14:54:26) INFO:    [Backend]:         Progress for Ovenbird: 92.95%/6064.75MiB/00:01:30
(14:54:27) INFO:    [Backend]:         Progress for Ovenbird: 93.04%/6070.34MiB/00:01:28
(14:54:28) INFO:    [Backend]:         Progress for Ovenbird: 93.11%/6074.80MiB/00:01:28
(14:54:29) INFO:    [Backend]:         Progress for Ovenbird: 93.21%/6081.15MiB/00:01:26
(14:54:31) INFO:    [Backend]:         Progress for Ovenbird: 93.35%/6090.41MiB/00:01:25
(14:54:33) INFO:    [Backend]:         Progress for Ovenbird: 93.51%/6100.74MiB/00:01:23
(14:54:40) INFO:    [Backend]:         Progress for Ovenbird: 94.04%/6135.79MiB/00:01:17
(14:54:44) INFO:    [Backend]:         Progress for Ovenbird: 94.36%/6156.47MiB/00:01:13
(14:54:46) INFO:    [Backend]:         Progress for Ovenbird: 94.52%/6166.59MiB/00:01:11
(14:54:48) INFO:    [Backend]:         Progress for Ovenbird: 94.59%/6171.17MiB/00:01:09
(14:54:50) INFO:    [Backend]:         Progress for Ovenbird: 94.84%/6187.62MiB/00:01:07
(14:54:51) INFO:    [Backend]:         Progress for Ovenbird: 94.91%/6192.17MiB/00:01:06
(14:54:52) INFO:    [Backend]:         Progress for Ovenbird: 94.98%/6196.86MiB/00:01:05
(14:54:53) INFO:    [Backend]:         Progress for Ovenbird: 95.08%/6203.31MiB/00:01:04
(14:54:54) INFO:    [Backend]:         Progress for Ovenbird: 95.13%/6206.91MiB/00:01:03
(14:54:55) INFO:    [Backend]:         Progress for Ovenbird: 95.22%/6212.48MiB/00:01:02
(14:54:57) INFO:    [Backend]:         Progress for Ovenbird: 95.39%/6223.45MiB/00:01:00
(14:55:00) INFO:    [Backend]:         Progress for Ovenbird: 95.61%/6238.02MiB/00:00:58
(14:55:01) INFO:    [Backend]:         Progress for Ovenbird: 95.68%/6242.66MiB/00:00:57
(14:55:02) INFO:    [Backend]:         Progress for Ovenbird: 95.77%/6248.27MiB/00:00:56
(14:55:03) INFO:    [Backend]:         Progress for Ovenbird: 95.84%/6252.82MiB/00:00:55
(14:55:04) INFO:    [Backend]:         Progress for Ovenbird: 95.89%/6256.57MiB/00:00:54
(14:55:05) INFO:    [Backend]:         Progress for Ovenbird: 95.98%/6262.08MiB/00:00:53
(14:55:06) INFO:    [Backend]:         Progress for Ovenbird: 96.05%/6266.56MiB/00:00:53
(14:55:07) INFO:    [Backend]:         Progress for Ovenbird: 96.1%/6270.21MiB/00:00:52
(14:55:09) INFO:    [Backend]:         Progress for Ovenbird: 96.27%/6281.01MiB/00:00:50
(14:55:10) INFO:    [Backend]:         Progress for Ovenbird: 96.35%/6286.42MiB/00:00:49
(14:55:11) INFO:    [Backend]:         Progress for Ovenbird: 96.42%/6290.90MiB/00:00:48
(14:55:16) INFO:    [Backend]:         Progress for Ovenbird: 96.76%/6313.15MiB/00:00:44
(14:55:17) INFO:    [Backend]:         Progress for Ovenbird: 96.84%/6317.94MiB/00:00:43
(14:55:18) INFO:    [Backend]:         Progress for Ovenbird: 96.92%/6323.41MiB/00:00:42
(14:55:19) INFO:    [Backend]:         Progress for Ovenbird: 96.98%/6327.17MiB/00:00:41
(14:55:20) INFO:    [Backend]:         Progress for Ovenbird: 97.06%/6332.58MiB/00:00:40
(14:55:21) INFO:    [Backend]:         Progress for Ovenbird: 97.14%/6338.04MiB/00:00:39
(14:55:23) INFO:    [Backend]:         Progress for Ovenbird: 97.28%/6347.05MiB/00:00:37
(14:55:24) INFO:    [Backend]:         Progress for Ovenbird: 97.36%/6352.47MiB/00:00:36
(14:55:25) INFO:    [Backend]:         Progress for Ovenbird: 97.43%/6356.94MiB/00:00:35
(14:55:26) INFO:    [Backend]:         Progress for Ovenbird: 97.51%/6362.19MiB/00:00:33
(14:55:27) INFO:    [Backend]:         Progress for Ovenbird: 97.59%/6367.14MiB/00:00:32
(14:55:28) INFO:    [Backend]:         Progress for Ovenbird: 97.67%/6372.08MiB/00:00:31
(14:55:29) INFO:    [Backend]:         Progress for Ovenbird: 97.74%/6376.99MiB/00:00:30
(14:55:30) INFO:    [Backend]:         Progress for Ovenbird: 97.79%/6379.96MiB/00:00:29
(14:55:31) INFO:    [Backend]:         Progress for Ovenbird: 97.88%/6385.87MiB/00:00:29
(14:55:32) INFO:    [Backend]:         Progress for Ovenbird: 97.95%/6390.80MiB/00:00:27
(14:55:33) INFO:    [Backend]:         Progress for Ovenbird: 98.01%/6394.73MiB/00:00:26
(14:55:34) INFO:    [Backend]:         Progress for Ovenbird: 98.09%/6399.67MiB/00:00:25
(14:55:38) INFO:    [Backend]:         Progress for Ovenbird: 98.4%/6419.99MiB/00:00:20
(14:55:39) INFO:    [Backend]:         Progress for Ovenbird: 98.45%/6423.07MiB/00:00:19
(14:55:40) INFO:    [Backend]:         Progress for Ovenbird: 98.53%/6428.41MiB/00:00:18
(14:55:41) INFO:    [Backend]:         Progress for Ovenbird: 98.61%/6433.47MiB/00:00:17
(14:55:42) INFO:    [Backend]:         Progress for Ovenbird: 98.68%/6438.23MiB/00:00:16
(14:55:43) INFO:    [Backend]:         Progress for Ovenbird: 98.75%/6443.12MiB/00:00:15
(14:55:44) INFO:    [Backend]:         Progress for Ovenbird: 98.84%/6448.95MiB/00:00:14
(14:55:45) INFO:    [Backend]:         Progress for Ovenbird: 98.92%/6453.79MiB/00:00:13
(14:55:46) INFO:    [Backend]:         Progress for Ovenbird: 98.98%/6457.71MiB/00:00:12
(14:55:47) INFO:    [Backend]:         Progress for Ovenbird: 99.08%/6464.57MiB/00:00:11
(14:55:49) INFO:    [Backend]:         Progress for Ovenbird: 99.22%/6473.38MiB/00:00:10
(14:55:50) INFO:    [Backend]:         Progress for Ovenbird: 99.29%/6478.26MiB/00:00:09
(14:55:51) INFO:    [Backend]:         Progress for Ovenbird: 99.35%/6482.19MiB/00:00:08
(14:55:52) INFO:    [Backend]:         Progress for Ovenbird: 99.41%/6486.12MiB/00:00:07
(14:55:53) INFO:    [Backend]:         Progress for Ovenbird: 99.49%/6491.02MiB/00:00:07
(14:55:54) INFO:    [Backend]:         Progress for Ovenbird: 99.56%/6495.93MiB/00:00:06
(14:55:55) INFO:    [Backend]:         Progress for Ovenbird: 99.67%/6502.74MiB/00:00:05
(14:55:56) INFO:    [Backend]:         Progress for Ovenbird: 99.73%/6506.66MiB/00:00:04
(14:55:57) INFO:    [Backend]:         Progress for Ovenbird: 99.8%/6511.56MiB/00:00:03
(14:55:58) INFO:    [Backend]:         Progress for Ovenbird: 99.89%/6517.46MiB/00:00:02
(14:55:59) INFO:    [Backend]:         Progress for Ovenbird: 99.98%/6522.84MiB/00:00:00
(14:56:00) INFO:    [Backend]:         Progress for Ovenbird: 100%/6524.40MiB/00:00:00
(14:56:02) INFO:    [Backend]:         finished installing
(14:56:02) INFO:    [Backend]:         operation interrupted
(14:56:02) INFO:    [Frontend]:        Refreshing Library
(14:56:02) INFO:    [Legendary]:       Refreshing library...
(14:56:03) INFO:    [Legendary]:       Updating game list
(14:56:03) INFO:    [Legendary]:       Game List Updated
(14:56:03) DEBUG:   [Legendary]:       Using cached install info
(14:56:03) DEBUG:   [Legendary]:       Using cached install info
(14:56:03) DEBUG:   [Legendary]:       Using cached install info
(14:57:42) DEBUG:   [Legendary]:       Using cached install info
(14:57:44) DEBUG:   [Legendary]:       Using cached install info
(14:57:44) INFO:    [Backend]:         Launching Surviving Mars (Ovenbird)
(14:57:44) DEBUG:   [Legendary]:       Running Wine command: "/usr/bin/wine" wineboot --init && "/usr/bin/wineserver" --wait
