2022-06-20T11:17:25.942Z - info: [ui] [AppStore] loading 2 repositories from store
2022-06-20T11:17:25.951Z - info: [ui] [AppStore] found account: MeetMaratha (Meet Maratha)
2022-06-20T11:17:26.957Z - info: [ui] Subscribed 'MeetMaratha' to Alive channel
2022-06-20T11:17:27.266Z - info: [ui] [BranchPruner] No branches to prune.
2022-06-20T11:17:27.282Z - info: [ui] launching: 3.0.0-linux1 (Linux 5.18.5-200.fc36.x86_64)
2022-06-20T11:17:27.284Z - info: [ui] execPath: '/usr/lib/github-desktop/github-desktop'
2022-06-20T11:17:28.841Z - info: [ui] Stats reported.
2022-06-20T11:17:47.569Z - info: [ui] Executing fetch: git -c credential.helper= -c protocol.version=2 fetch --progress --prune origin (took 2.224s)
2022-06-20T11:18:04.378Z - info: [ui] [Timing] Action 'create commit' for 'MeetMaratha/Solid-Waste-Collection' took 1.471s
2022-06-20T11:18:05.598Z - info: [ui] [AppStore.withAuthenticatingUser] account found for repository: Solid-Waste-Collection - MeetMaratha (has token)
2022-06-20T11:18:09.529Z - info: [ui] Executing push: git -c credential.helper= -c protocol.version=2 push origin Version-2:Version-2 --progress (took 3.862s)
2022-06-20T11:18:11.163Z - info: [ui] Executing fetch: git -c credential.helper= -c protocol.version=2 fetch --progress --prune origin (took 1.577s)
2022-06-20T11:49:47.492Z - info: [ui] Executing fetch: git -c credential.helper= -c protocol.version=2 fetch --progress --prune origin (took 1.019s)
2022-06-20T12:21:48.409Z - info: [ui] Executing fetch: git -c credential.helper= -c protocol.version=2 fetch --progress --prune origin (took 1.357s)
2022-06-20T12:25:23.172Z - info: [ui] Executing getStatus: git --no-optional-locks status --untracked-files=all --branch --porcelain=2 -z (took 1.883s)
2022-06-20T12:25:44.471Z - info: [ui] [RepositoryIndicatorUpdater]: Refreshing sidebar indicators for 1 repositories took 2.6s of which 20.8s paused, total 23.3s
2022-06-20T12:53:53.852Z - info: [ui] Executing fetch: git -c credential.helper= -c protocol.version=2 fetch --progress --prune origin (took 2.702s)
2022-06-20T13:26:02.535Z - info: [ui] Executing fetch: git -c credential.helper= -c protocol.version=2 fetch --progress --prune origin (took 3.654s)
2022-06-20T13:52:49.542Z - warn: [ui] getFetchPollInterval: failed for MeetMaratha/Solid-Waste-Collection
TypeError: Failed to fetch
    at Wt (/home/meet/webpack:/[name]/app/src/lib/http.ts:152:10)
    at Pn.request (/home/meet/webpack:/[name]/app/src/lib/api.ts:1401:28)
    at Pn.getFetchPollInterval (/home/meet/webpack:/[name]/app/src/lib/api.ts:1439:35)
    at $p.getFetchInterval (/home/meet/webpack:/[name]/app/src/lib/stores/helpers/background-fetcher.ts:136:38)
    at $p.performAndScheduleFetch (/home/meet/webpack:/[name]/app/src/lib/stores/helpers/background-fetcher.ts:117:33)
2022-06-20T14:31:22.524Z - info: [ui] Executing getStatus: git --no-optional-locks status --untracked-files=all --branch --porcelain=2 -z (took 1.567s)
2022-06-20T14:50:42.808Z - info: [ui] [RepositoryIndicatorUpdater]: Refreshing sidebar indicators for 1 repositories took 2.5s of which 1159.9s paused, total 1162.4s
2022-06-20T18:20:13.957Z - info: [ui] [AppStore] loading 2 repositories from store
2022-06-20T18:20:13.979Z - info: [ui] [AppStore] found account: MeetMaratha (Meet Maratha)
2022-06-20T18:20:14.226Z - info: [ui] [BranchPruner] Last prune took place 7 hours ago - skipping
2022-06-20T18:20:15.648Z - info: [ui] Subscribed 'MeetMaratha' to Alive channel
2022-06-20T18:20:16.136Z - info: [ui] Executing getChangedFilesNumStats: git log f8c3287d68a10df56d437367fa74b4bd72bbecde -C -M -m -1 --no-show-signature --first-parent --format=format: -z --numstat -- (took 1.024s)
2022-06-20T18:20:16.408Z - info: [ui] launching: 3.0.0-linux1 (Linux 5.18.5-200.fc36.x86_64)
2022-06-20T18:20:16.410Z - info: [ui] execPath: '/usr/lib/github-desktop/github-desktop'
2022-06-20T18:20:18.154Z - info: [ui] Executing fetch: git -c credential.helper= -c protocol.version=2 fetch --progress --prune origin (took 1.779s)
2022-06-20T18:22:09.813Z - info: [ui] Executing updateIndex: git update-index --add --remove --replace -z --stdin (took 1.617s)
2022-06-20T18:22:10.520Z - info: [ui] [Timing] Action 'create commit' for 'MeetMaratha/Solid-Waste-Collection' took 2.374s
2022-06-20T18:22:12.213Z - info: [ui] [AppStore.withAuthenticatingUser] account found for repository: Solid-Waste-Collection - MeetMaratha (has token)
2022-06-20T18:22:21.899Z - info: [ui] Executing push: git -c credential.helper= -c protocol.version=2 push origin Version-2:Version-2 --progress (took 9.615s)
