2022-06-21T15:51:30.339Z - warn: [ui] Alive web socket request failed: TypeError: Failed to fetch
2022-06-21T15:51:31.519Z - error: [ui] Could not get Alive web socket URL for 'MeetMaratha'
TypeError: Failed to fetch
    at Wt (/home/meet/webpack:/[name]/app/src/lib/http.ts:152:10)
    at Pn.request (/home/meet/webpack:/[name]/app/src/lib/api.ts:1401:28)
    at Pn.getAliveWebSocketURL (/home/meet/webpack:/[name]/app/src/lib/api.ts:724:30)
    at Object.createSessionForAccount (/home/meet/webpack:/[name]/app/src/lib/stores/alive-store.ts:161:32)
    at Object.subscribeToAccount (/home/meet/webpack:/[name]/app/src/lib/stores/alive-store.ts:218:40)
    at Object._subscribeToAccounts (/home/meet/webpack:/[name]/app/src/lib/stores/alive-store.ts:138:20)
    at subscribeToAccounts (/home/meet/webpack:/[name]/app/src/lib/stores/alive-store.ts:117:44)
2022-06-21T15:51:31.593Z - info: [ui] [AppStore] loading 2 repositories from store
2022-06-21T15:51:31.595Z - info: [ui] [AppStore] found account: MeetMaratha (Meet Maratha)
2022-06-21T15:51:33.075Z - info: [ui] Subscribed 'MeetMaratha' to Alive channel
2022-06-21T15:51:33.157Z - info: [ui] launching: 3.0.0-linux1 (Linux 5.18.5-200.fc36.x86_64)
2022-06-21T15:51:33.159Z - info: [ui] execPath: '/usr/lib/github-desktop/github-desktop'
2022-06-21T15:51:33.231Z - info: [ui] [BranchPruner] No branches to prune.
2022-06-21T15:51:34.418Z - info: [ui] Executing getChangedFilesNumStats: git log c9dd3dda4ff6c1fe97a830dc7fe58275b71552a6 -C -M -m -1 --no-show-signature --first-parent --format=format: -z --numstat -- (took 1.591s)
2022-06-21T15:51:34.489Z - info: [ui] Stats reported.
2022-06-21T15:51:42.257Z - info: [ui] Executing fetch: git -c credential.helper= -c protocol.version=2 fetch --progress --prune origin (took 1.046s)
2022-06-21T15:52:27.433Z - info: [ui] [Timing] Action 'create commit' for 'MeetMaratha/Solid-Waste-Collection' took 0.584s
2022-06-21T15:52:29.269Z - info: [ui] [AppStore.withAuthenticatingUser] account found for repository: Solid-Waste-Collection - MeetMaratha (has token)
2022-06-21T15:52:32.293Z - info: [ui] Executing push: git -c credential.helper= -c protocol.version=2 push origin Version-2:Version-2 --progress (took 2.951s)
