2022-06-18T06:47:41.352Z - warn: [ui] Alive web socket request failed: TypeError: Failed to fetch
2022-06-18T06:47:42.570Z - error: [ui] Could not get Alive web socket URL for 'MeetMaratha'
TypeError: Failed to fetch
    at Wt (/home/meet/webpack:/[name]/app/src/lib/http.ts:152:10)
    at Pn.request (/home/meet/webpack:/[name]/app/src/lib/api.ts:1401:28)
    at Pn.getAliveWebSocketURL (/home/meet/webpack:/[name]/app/src/lib/api.ts:724:30)
    at Object.createSessionForAccount (/home/meet/webpack:/[name]/app/src/lib/stores/alive-store.ts:161:32)
    at Object.subscribeToAccount (/home/meet/webpack:/[name]/app/src/lib/stores/alive-store.ts:218:40)
    at Object._subscribeToAccounts (/home/meet/webpack:/[name]/app/src/lib/stores/alive-store.ts:138:20)
    at subscribeToAccounts (/home/meet/webpack:/[name]/app/src/lib/stores/alive-store.ts:117:44)
2022-06-18T06:47:42.641Z - info: [ui] [AppStore] loading 2 repositories from store
2022-06-18T06:47:42.643Z - info: [ui] [AppStore] found account: MeetMaratha (Meet Maratha)
2022-06-18T06:47:43.259Z - info: [ui] launching: 3.0.0-linux1 (Linux 5.17.13-300.fc36.x86_64)
2022-06-18T06:47:43.301Z - info: [ui] execPath: '/usr/lib/github-desktop/github-desktop'
2022-06-18T06:47:43.667Z - info: [ui] Subscribed 'MeetMaratha' to Alive channel
2022-06-18T06:47:45.019Z - info: [ui] Stats reported.
2022-06-18T06:47:45.319Z - info: [ui] [AppStore.withAuthenticatingUser] account found for repository: Solid-Waste-Collection - MeetMaratha (has token)
2022-06-18T06:47:47.596Z - info: [ui] Executing fetch: git -c credential.helper= -c protocol.version=2 fetch --progress --prune origin (took 2.221s)
2022-06-18T06:47:49.472Z - info: [ui] [AppStore.withAuthenticatingUser] account found for repository: Solid-Waste-Collection - MeetMaratha (has token)
2022-06-18T07:07:40.491Z - info: [ui] Executing getStatus: git --no-optional-locks status --untracked-files=all --branch --porcelain=2 -z (took 1.082s)
2022-06-18T07:07:40.858Z - info: [ui] [RepositoryIndicatorUpdater]: Refreshing sidebar indicators for 1 repositories took 1.5s of which 0.0s paused, total 1.5s
2022-06-18T07:36:50.986Z - warn: [ui] getFetchPollInterval: failed for MeetMaratha/Solid-Waste-Collection
TypeError: Failed to fetch
    at Wt (/home/meet/webpack:/[name]/app/src/lib/http.ts:152:10)
    at Pn.request (/home/meet/webpack:/[name]/app/src/lib/api.ts:1401:28)
    at Pn.getFetchPollInterval (/home/meet/webpack:/[name]/app/src/lib/api.ts:1439:35)
    at $p.getFetchInterval (/home/meet/webpack:/[name]/app/src/lib/stores/helpers/background-fetcher.ts:136:38)
    at $p.performAndScheduleFetch (/home/meet/webpack:/[name]/app/src/lib/stores/helpers/background-fetcher.ts:117:33)
2022-06-18T07:59:04.622Z - info: [ui] [RepositoryIndicatorUpdater]: Refreshing sidebar indicators for 1 repositories took 0.9s of which 0.1s paused, total 1.0s
2022-06-18T08:25:05.572Z - info: [ui] [RepositoryIndicatorUpdater]: Refreshing sidebar indicators for 1 repositories took 0.7s of which 0.0s paused, total 0.7s
2022-06-18T08:37:19.154Z - info: [ui] Executing fetch: git -c credential.helper= -c protocol.version=2 fetch --progress --prune origin (took 3.038s)
2022-06-18T08:37:19.471Z - info: [ui] [fetchPushControl] unable to check if branch is potentially pushable
TypeError: Failed to fetch
    at Wt (/home/meet/webpack:/[name]/app/src/lib/http.ts:152:10)
    at Pn.request (/home/meet/webpack:/[name]/app/src/lib/api.ts:1401:28)
    at Pn.fetchPushControl (/home/meet/webpack:/[name]/app/src/lib/api.ts:1319:35)
    at gl.refreshBranchProtectionState (/home/meet/webpack:/[name]/app/src/lib/stores/app-store.ts:1065:37)
    at /home/meet/webpack:/[name]/app/src/lib/stores/app-store.ts:4602:20
    at gl.withPushPullFetch (/home/meet/webpack:/[name]/app/src/lib/stores/app-store.ts:4119:5)
    at gl.performFetch (/home/meet/webpack:/[name]/app/src/lib/stores/app-store.ts:4553:5)
    at $p.performAndScheduleFetch (/home/meet/webpack:/[name]/app/src/lib/stores/helpers/background-fetcher.ts:102:7)
