2022-06-28T13:17:16.401Z - info: [ui] [AppStore] loading 2 repositories from store
2022-06-28T13:17:16.416Z - info: [ui] [AppStore] found account: MeetMaratha (Meet Maratha)
2022-06-28T13:17:17.414Z - info: [ui] launching: 3.0.0-linux1 (Linux 5.18.6-200.fc36.x86_64)
2022-06-28T13:17:17.729Z - info: [ui] execPath: '/usr/lib/github-desktop/github-desktop'
2022-06-28T13:17:18.897Z - info: [ui] Executing installGlobalLFSFilter: git lfs install --skip-repo (took 1.502s)
2022-06-28T13:17:18.934Z - info: [ui] Executing getRecentBranches: git log -g --no-abbrev-commit --pretty=oneline HEAD -n 2500 -- (took 1.041s)
2022-06-28T13:17:18.953Z - info: [ui] Executing getRecentBranches: git log -g --no-abbrev-commit --pretty=oneline HEAD -n 2500 -- (took 1.022s)
2022-06-28T13:17:19.230Z - info: [ui] Subscribed 'MeetMaratha' to Alive channel
2022-06-28T13:17:20.018Z - info: [ui] Stats reported.
2022-06-28T13:17:20.829Z - info: [ui] Executing getChangedFilesNumStats: git log c259ce3b5a9fd7b6a8226f03b08f196c2fcdba95 -C -M -m -1 --no-show-signature --first-parent --format=format: -z --numstat -- (took 1.360s)
2022-06-28T13:17:22.048Z - info: [ui] [AppStore.withAuthenticatingUser] account found for repository: Solid-Waste-Collection - MeetMaratha (has token)
2022-06-28T13:17:23.902Z - info: [ui] Executing fetch: git -c credential.helper= -c protocol.version=2 fetch --progress --prune origin (took 1.787s)
2022-06-28T13:17:28.143Z - info: [ui] [AppStore.withAuthenticatingUser] account found for repository: Solid-Waste-Collection - MeetMaratha (has token)
2022-06-28T13:17:29.289Z - info: [ui] Executing pull: git -c credential.helper= -c protocol.version=2 -c rebase.backend=merge pull --ff --progress origin (took 1.065s)
2022-06-28T13:35:26.452Z - info: [ui] Executing getStatus: git --no-optional-locks status --untracked-files=all --branch --porcelain=2 -z (took 1.078s)
2022-06-28T13:35:26.875Z - info: [ui] [RepositoryIndicatorUpdater]: Refreshing sidebar indicators for 1 repositories took 1.5s of which 0.0s paused, total 1.5s
2022-06-28T13:35:50.838Z - info: [ui] [Timing] Action 'create commit' for 'MeetMaratha/Solid-Waste-Collection' took 0.829s
2022-06-28T13:35:52.480Z - info: [ui] [AppStore.withAuthenticatingUser] account found for repository: Solid-Waste-Collection - MeetMaratha (has token)
2022-06-28T13:37:05.068Z - info: [ui] Executing push: git -c credential.helper= -c protocol.version=2 push origin Version-2:Version-2 --progress (took 72.499s)
2022-06-28T13:37:06.112Z - info: [ui] Executing fetch: git -c credential.helper= -c protocol.version=2 fetch --progress --prune origin (took 1.000s)
